Script started on Sat 28 Sep 2013 08:35:09 PM CDT
[?1034h[zihao@mumble-03] (1)$ ./wl[K[K[K[K./scrit[Kpt p[K[K[K[K[K[K[K[Kmysh script
/bin/ls
c  hello.py  ll  makefile  mysh  mysh.c  mysh.c~  out  out.txt	runtests.log  script  typescript
^C
[zihao@mumble-03] (2)$ ./mysh scriptwl[K[2Pls./wlmysh script[Kmake
cc     mysh.c   -o mysh
[zihao@mumble-03] (3)$ ./mysh script
/bin/ls
c  hello.py  ll  makefile  mysh  mysh.c  mysh.c~  out  out.txt	runtests.log  script  typescript
^C
[zihao@mumble-03] (4)$ mak[K[K[Kls
[0m[01;34mc[0m/  hello.py  [01;32mll[0m*  makefile  [01;32mmysh[0m*  mysh.c  mysh.c~  [01;32mout[0m*  out.txt  runtests.log  script  typescript
[m[zihao@mumble-03] (5)$ make clean
rm -f core *.o mysh
[zihao@mumble-03] (6)$ make
cc     mysh.c   -o mysh
[zihao@mumble-03] (7)$ ./mysh script
/bin/ls
c  hello.py  ll  makefile  mysh  mysh.c  mysh.c~  out  out.txt	runtests.log  script  typescript
^C
[zihao@mumble-03] (8)$ man exec
[?1049h[?1h=BASH_BUILTINS(1)                                              BASH_BUILTINS(1)

[1mNAME[0m
       bash,  :,  .,  [,  alias,  bg,  bind,  break, builtin, caller, cd, command, compgen, complete, compopt, continue, declare, dirs, disown, echo,
       enable, eval, exec, exit, export, false, fc, fg, getopts, hash, help, history, jobs, kill, let, local, logout, mapfile, popd,  printf,  pushd,
       pwd, read, readonly, return, set, shift, shopt, source, suspend, test, times, trap, true, type, typeset, ulimit, umask, unalias, unset, wait -
       bash built-in commands, see [1mbash[0m(1)

[1mBASH[0m [1mBUILTIN[0m [1mCOMMANDS[0m
       Unless otherwise noted, each builtin command documented in this section as accepting options preceded by [1m-[0m accepts [1m--[0m to signify  the  end  of
       the  options.   The [1m:[0m, [1mtrue[0m, [1mfalse[0m, and [1mtest[0m builtins do not accept options and do not treat [1m--[0m specially.  The [1mexit[0m, [1mlogout[0m, [1mbreak[0m, [1mcontinue[0m,
       [1mlet[0m, and [1mshift[0m builtins accept and process arguments beginning with [1m-[0m without requiring [1m--[0m.  Other builtins that accept arguments but are  not
       specified as accepting options interpret arguments beginning with [1m-[0m as invalid options and require [1m--[0m to prevent this interpretation.
       [1m:[0m [[4marguments[24m]
              No  effect;  the  command  does  nothing  beyond  expanding  [4marguments[24m  and performing any specified redirections.  A zero exit code is
              returned.

        [1m.[0m  [4mfilename[24m [[4marguments[24m]
       [1msource[0m [4mfilename[24m [[4marguments[24m]
              Read and execute commands from [4mfilename[24m in the current shell environment and return the exit status of the last command  executed  from
              [4mfilename[24m.   If  [4mfilename[24m  does  not  contain  a slash, file names in [1mPATH[0m are used to find the directory containing [4mfilename[24m.  The file
              searched for in [1mPATH[0m need not be executable.  When [1mbash[0m is not in [4mposix[24m [4mmode[24m, the current directory is searched if no file is found  in
              [1mPATH[0m.   If  the [1msourcepath[0m option to the [1mshopt[0m builtin command is turned off, the [1mPATH[0m is not searched.  If any [4marguments[24m are supplied,
              they become the positional parameters when [4mfilename[24m is executed.  Otherwise the positional parameters are unchanged.  The return status
              is  the status of the last command exited within the script (0 if no commands are executed), and false if [4mfilename[24m is not found or can-
              not be read.

       [1malias[0m [[1m-p[0m] [[4mname[24m[=[4mvalue[24m] ...]
              [1mAlias[0m with no arguments or with the [1m-p[0m option prints the list of aliases in the form [1malias[0m [4mname[24m=[4mvalue[24m on standard output.   When  argu-
              ments  are  supplied,  an  alias  is defined for each [4mname[24m whose [4mvalue[24m is given.  A trailing space in  [4mvalue[24m causes the next word to be
              checked for alias substitution when the alias is expanded.  For each [4mname[24m in the argument list for which no [4mvalue[24m is supplied, the name
              and value of the alias is printed.  [1mAlias[0m returns true unless a [4mname[24m is given for which no alias has been defined.

       [1mbg[0m [[4mjobspec[24m ...]
              Resume  each  suspended job [4mjobspec[24m in the background, as if it had been started with [1m&[0m.  If [4mjobspec[24m is not present, the shellâ€™s notion
              of the [4mcurrent[24m [4mjob[24m is used.  [1mbg[0m [4mjobspec[24m returns 0 unless run when job control is disabled or, when run with job  control  enabled,  any
              specified [4mjobspec[24m was not found or was started without job control.

       [1mbind[0m [[1m-m[0m [4mkeymap[24m] [[1m-lpsvPSV[0m]
       [1mbind[0m [[1m-m[0m [4mkeymap[24m] [[1m-q[0m [4mfunction[24m] [[1m-u[0m [4mfunction[24m] [[1m-r[0m [4mkeyseq[24m]
       [1mbind[0m [[1m-m[0m [4mkeymap[24m] [1m-f[0m [4mfilename[24m
       [1mbind[0m [[1m-m[0m [4mkeymap[24m] [1m-x[0m [4mkeyseq[24m:[4mshell-command[24m
       [1mbind[0m [[1m-m[0m [4mkeymap[24m] [4mkeyseq[24m:[4mfunction-name[24m
       [1mbind[0m [4mreadline-command[24m
              Display  current  [1mreadline[0m  key and function bindings, bind a key sequence to a [1mreadline[0m function or macro, or set a [1mreadline[0m variable.
              Each non-option argument is a command as it would appear in [4m.inputrc[24m, but each binding or command must be passed as  a  separate  argu-
              ment; e.g., â€™"\C-x\C-r": re-read-init-fileâ€™.  Options, if supplied, have the following meanings:
:[K[K [KESCESC[KOO[KBB[K              [1m-m[0m [4mkeymap[24m
:[K[K [KESCESC[KOO[KBB[K                     Use  [4mkeymap[24m  as  the  keymap  to  be  affected  by  the subsequent bindings.  Acceptable [4mkeymap[24m names are [4memacs,[24m [4memacs-standard,[24m
:[K[K [KESCESC[KOO[KBB[K                     [4memacs-meta,[24m [4memacs-ctlx,[24m [4mvi,[24m [4mvi-move,[24m [4mvi-command[24m, and [4mvi-insert[24m.   [4mvi[24m  is  equivalent  to  [4mvi-command[24m;  [4memacs[24m  is  equivalent  to
:[K[K [KESCESC[KOO[KBB[K                     [4memacs-standard[24m.
:[K[K [KESCESC[KOO[KBB[K              [1m-l[0m     List the names of all [1mreadline[0m functions.
:[K[K [KESCESC[KOO[KBB[K              [1m-p[0m     Display [1mreadline[0m function names and bindings in such a way that they can be re-read.
:[K[K [KESCESC[KOO[KBB[K              [1m-P[0m     List current [1mreadline[0m function names and bindings.
:[K[K [KESCESC[KOO[KBB[K              [1m-s[0m     Display [1mreadline[0m key sequences bound to macros and the strings they output in such a way that they can be re-read.
:[K[K [KESCESC[KOO[KBB[K              [1m-S[0m     Display [1mreadline[0m key sequences bound to macros and the strings they output.
:[K[K [KESCESC[KOO[KBB[K              [1m-v[0m     Display [1mreadline[0m variable names and values in such a way that they can be re-read.
:[K[K [KESCESC[KOO[KBB[K              [1m-V[0m     List current [1mreadline[0m variable names and values.
:[K[K [KESCESC[KOO[KBB[K              [1m-f[0m [4mfilename[24m
:[K[K [KESCESC[KOO[KBB[K                     Read key bindings from [4mfilename[24m.
:[K[K [KESCESC[KOO[KBB[K              [1m-q[0m [4mfunction[24m
:[K[K [KESCESC[KOO[KBB[K                     Query about which keys invoke the named [4mfunction[24m.
:[K[K [KESCESC[KOO[KBB[K              [1m-u[0m [4mfunction[24m
:[K[K [KESCESC[KOO[KBB[K                     Unbind all keys bound to the named [4mfunction[24m.
:[K[K [KESCESC[KOO[KBB[K              [1m-r[0m [4mkeyseq[24m
:[K[K [KESCESC[KOO[KBB[K                     Remove any current binding for [4mkeyseq[24m.
:[K[K [KESCESC[KOO[KBB[K              [1m-x[0m [4mkeyseq[24m[1m:[0m[4mshell-command[24m
:[K[K [KESCESC[KOO[KBB[K                     Cause [4mshell-command[24m to be executed whenever [4mkeyseq[24m is entered.  When [4mshell-command[24m is executed, the shell sets the [1mREADLINE_LINE[0m
:[K[K [KESCESC[KOO[KBB[K                     variable to the contents of the [1mreadline[0m line buffer and the [1mREADLINE_POINT[0m variable to the current location  of  the  insertion
:[K[K [KESCESC[KOO[KBB[K                     point.   If the executed command changes the value of [1mREADLINE_LINE[0m or [1mREADLINE_POINT[0m, those new values will be reflected in the
:[K[K [KESCESC[KOO[KBB[K                     editing state.
:[K[K [KESCESC[KOO[KBB[K
:[K[K [KESCESC[KOO[KBB[K              The return value is 0 unless an unrecognized option is given or an error occurred.
:[K[K [KESCESC[KOO[KBB[K
:[K[K [KESCESC[KOO[KBB[K       [1mbreak[0m [[4mn[24m]
:[K[K [KESCESC[KOO[KBB[K              Exit from within a [1mfor[0m, [1mwhile[0m, [1muntil[0m, or [1mselect[0m loop.  If [4mn[24m is specified, break [4mn[24m levels.  [4mn[24m must be â‰¥ 1.  If [4mn[24m  is  greater  than  the
:[K[K [KESCESC[KOO[KBB[K              number  of  enclosing  loops,  all  enclosing loops are exited.  The return value is non-zero when [4mn[24m is â‰¤ 0; Otherwise, [1mbreak[0m returns 0
:[K[K [KESCESC[KOO[KBB[K              value.
:[K[K [KESCESC[KOO[KBB[K
:[K[K [KESCESC[KOO[KBB[K       [1mbuiltin[0m [4mshell-builtin[24m [[4marguments[24m]
:[K[K [KESCESC[KOO[KBB[K              Execute the specified shell builtin, passing it [4marguments[24m, and return its exit status.  This is useful when defining a  function  whose
:[K[K [KESCESC[KOO[KBB[K              name  is the same as a shell builtin, retaining the functionality of the builtin within the function.  The [1mcd[0m builtin is commonly rede-
:[K[K [KESCESC[KOO[KBB[K              fined this way.  The return status is false if [4mshell-builtin[24m is not a shell builtin command.
:[K[K [KESCESC[KOO[KBB[K
:[K[K [KESCESC[KOO[KBB[K       [1mcaller[0m [[4mexpr[24m]
:[K[K [KESCESC[KOO[KBB[K              Returns the context of any active subroutine call (a shell function or a script executed with the [1m.[0m or [1msource[0m builtins.  Without  [4mexpr[24m,
:[K[K [KESCESC[KOO[KBB[K              [1mcaller[0m  displays  the  line  number and source filename of the current subroutine call.  If a non-negative integer is supplied as [4mexpr[24m,
:[K[K [KESCESC[KOO[KBB[K              [1mcaller[0m displays the line number, subroutine name, and source file corresponding to that position in the current execution  call  stack.
:[K[K [KESCESC[KOO[KBB[K              This  extra  information may be used, for example, to print a stack trace.  The current frame is frame 0.  The return value is 0 unless
:[K[K [KESCESC[KOO[KBB[K              the shell is not executing a subroutine call or [4mexpr[24m does not correspond to a valid position in the call stack.
:[K[K [KESCESC[KOO[KBB[K
:[K[K [KESCESC[KOO[KBB[K       [1mcd[0m [[1m-L|-P[0m] [[4mdir[24m]
:[K[K [KESCESC[KOO[KBB[K              Change the current directory to [4mdir[24m.  The variable [1mHOME[0m is the default [4mdir[24m.  The variable [1mCDPATH[0m defines the search path for the direc-
:[K[K [KESCESC[KOO[KBB[K              tory  containing [4mdir[24m.  Alternative directory names in [1mCDPATH[0m are separated by a colon (:).  A null directory name in [1mCDPATH[0m is the same
:[K[K [KESCESC[KOO[KBB[K              as the current directory, i.e., â€˜â€˜[1m.[0mâ€™â€™.  If [4mdir[24m begins with a slash (/), then [1mCDPATH[0m is not used. The [1m-P[0m option says to use the physical
:[K[K [KESCESC[KOO[KBB[K              directory  structure instead of following symbolic links (see also the [1m-P[0m option to the [1mset[0m builtin command); the [1m-L[0m option forces sym-
:[K[K [KESCESC[KOO[KBB[K              bolic links to be followed.  An argument of [1m-[0m is equivalent to [1m$OLDPWD[0m.  If a non-empty directory name from [1mCDPATH[0m is used, or if [1m-[0m  is
:[K[K [KESCESC[KOO[KAA[K[HM                     [4memacs-meta,[24m [4memacs-ctlx,[24m [4mvi,[24m [4mvi-move,[24m [4mvi-command[24m, and [4mvi-insert[24m.   [4mvi[24m  is  equivalent  to  [4mvi-command[24m;  [4memacs[24m  is  equivalent  to
[48;1H[K:[K[K [KESCESC[KOO[KAA[K[HM                     Use  [4mkeymap[24m  as  the  keymap  to  be  affected  by  the subsequent bindings.  Acceptable [4mkeymap[24m names are [4memacs,[24m [4memacs-standard,[24m
[48;1H[K:[K[K [KESCESC[KOO[KAA[K[HM              [1m-m[0m [4mkeymap[24m
[48;1H[K:[K[K [KESCESC[KOO[KAA[K[HM              ment; e.g., â€™"\C-x\C-r": re-read-init-fileâ€™.  Options, if supplied, have the following meanings:
[48;1H[K:[K[K [KESCESC[KOO[KAA[K[HM              Each non-option argument is a command as it would appear in [4m.inputrc[24m, but each binding or command must be passed as  a  separate  argu-
[48;1H[K:[K[K [KESCESC[KOO[KAA[K[HM              Display  current  [1mreadline[0m  key and function bindings, bind a key sequence to a [1mreadline[0m function or macro, or set a [1mreadline[0m variable.
[48;1H[K:[K[K [KESCESC[KOO[KAA[K[HM       [1mbind[0m [4mreadline-command[24m
[48;1H[K:[K[K [KESCESC[KOO[KAA[K[HM       [1mbind[0m [[1m-m[0m [4mkeymap[24m] [4mkeyseq[24m:[4mfunction-name[24m
[48;1H[K:[K[K [KESCESC[KOO[KAA[K[HM       [1mbind[0m [[1m-m[0m [4mkeymap[24m] [1m-x[0m [4mkeyseq[24m:[4mshell-command[24m
[48;1H[K:[K[K [KESCESC[KOO[KAA[K[HM       [1mbind[0m [[1m-m[0m [4mkeymap[24m] [1m-f[0m [4mfilename[24m
[48;1H[K:[K[K [KESCESC[KOO[KAA[K[HM       [1mbind[0m [[1m-m[0m [4mkeymap[24m] [[1m-q[0m [4mfunction[24m] [[1m-u[0m [4mfunction[24m] [[1m-r[0m [4mkeyseq[24m]
[48;1H[K:[K[K [KESCESC[KOO[KAA[K[HM       [1mbind[0m [[1m-m[0m [4mkeymap[24m] [[1m-lpsvPSV[0m]
[48;1H[K:[K[K [KESCESC[KOO[KAA[K[HM
[48;1H[K:[K[K [KESCESC[KOO[KAA[K[HM              specified [4mjobspec[24m was not found or was started without job control.
[48;1H[K:[K[K [KESCESC[KOO[KAA[K[HM              of the [4mcurrent[24m [4mjob[24m is used.  [1mbg[0m [4mjobspec[24m returns 0 unless run when job control is disabled or, when run with job  control  enabled,  any
[48;1H[K:[K[K [KESCESC[KOO[KAA[K[HM              Resume  each  suspended job [4mjobspec[24m in the background, as if it had been started with [1m&[0m.  If [4mjobspec[24m is not present, the shellâ€™s notion
[48;1H[K:[K[K [KESCESC[KOO[KAA[K[HM       [1mbg[0m [[4mjobspec[24m ...]
[48;1H[K:[K[K [KESCESC[KOO[KAA[K[HM
[48;1H[K:[K[K [KESCESC[KOO[KAA[K[HM              and value of the alias is printed.  [1mAlias[0m returns true unless a [4mname[24m is given for which no alias has been defined.
[48;1H[K:[K[K [KESCESC[KOO[KAA[K[HM              checked for alias substitution when the alias is expanded.  For each [4mname[24m in the argument list for which no [4mvalue[24m is supplied, the name
[48;1H[K:[K[K [KESCESC[KOO[KAA[K[HM              ments  are  supplied,  an  alias  is defined for each [4mname[24m whose [4mvalue[24m is given.  A trailing space in  [4mvalue[24m causes the next word to be
[48;1H[K:[K[K [KESCESC[KOO[KAA[K[HM              [1mAlias[0m with no arguments or with the [1m-p[0m option prints the list of aliases in the form [1malias[0m [4mname[24m=[4mvalue[24m on standard output.   When  argu-
[48;1H[K:[K[K [KESCESC[KOO[KAA[K[HM       [1malias[0m [[1m-p[0m] [[4mname[24m[=[4mvalue[24m] ...]
[48;1H[K:[K[K [KESCESC[KOO[KAA[K[HM
[48;1H[K:[K[K [KESCESC[KOO[KAA[K[HM              not be read.
[48;1H[K:[K[K [KESCESC[KOO[KAA[K[HM              is  the status of the last command exited within the script (0 if no commands are executed), and false if [4mfilename[24m is not found or can-
[48;1H[K:[K[K [KESCESC[KOO[KAA[K[HM              they become the positional parameters when [4mfilename[24m is executed.  Otherwise the positional parameters are unchanged.  The return status
[48;1H[K:[K[K [KESCESC[KOO[KAA[K[HM              [1mPATH[0m.   If  the [1msourcepath[0m option to the [1mshopt[0m builtin command is turned off, the [1mPATH[0m is not searched.  If any [4marguments[24m are supplied,
[48;1H[K:[K[K [KESCESC[KOO[KAA[K[HM              searched for in [1mPATH[0m need not be executable.  When [1mbash[0m is not in [4mposix[24m [4mmode[24m, the current directory is searched if no file is found  in
[48;1H[K:[K[K [KESCESC[KOO[KAA[K[HM              [4mfilename[24m.   If  [4mfilename[24m  does  not  contain  a slash, file names in [1mPATH[0m are used to find the directory containing [4mfilename[24m.  The file
[48;1H[K:[K[K [KESCESC[KOO[KAA[K[HM              Read and execute commands from [4mfilename[24m in the current shell environment and return the exit status of the last command  executed  from
[48;1H[K:[K[K [KESCESC[KOO[KAA[K[HM       [1msource[0m [4mfilename[24m [[4marguments[24m]
[48;1H[K:[K[K [KESCESC[KOO[KAA[K[HM        [1m.[0m  [4mfilename[24m [[4marguments[24m]
[48;1H[K:[K[K [KESCESC[KOO[KAA[K[HM
[48;1H[K:[K[K [KESCESC[KOO[KAA[K[HM              returned.
[48;1H[K:[K[K [KESCESC[KOO[KAA[K[HM              No  effect;  the  command  does  nothing  beyond  expanding  [4marguments[24m  and performing any specified redirections.  A zero exit code is
[48;1H[K:[K[K [KESCESC[KOO[KAA[K[HM       [1m:[0m [[4marguments[24m]
[48;1H[K:[K[K [KESCESC[KOO[KAA[K[HM       specified as accepting options interpret arguments beginning with [1m-[0m as invalid options and require [1m--[0m to prevent this interpretation.
[48;1H[K:[K[K [KESCESC[KOO[KAA[K[HM       [1mlet[0m, and [1mshift[0m builtins accept and process arguments beginning with [1m-[0m without requiring [1m--[0m.  Other builtins that accept arguments but are  not
[48;1H[K:[K[K [KESCESC[KOO[KAA[K[HM       the  options.   The [1m:[0m, [1mtrue[0m, [1mfalse[0m, and [1mtest[0m builtins do not accept options and do not treat [1m--[0m specially.  The [1mexit[0m, [1mlogout[0m, [1mbreak[0m, [1mcontinue[0m,
[48;1H[K:[K[K [KESCESC[KOO[KAA[K[HM       Unless otherwise noted, each builtin command documented in this section as accepting options preceded by [1m-[0m accepts [1m--[0m to signify  the  end  of
[48;1H[K:[K[K [KESCESC[KOO[KAA[K[HM[1mBASH[0m [1mBUILTIN[0m [1mCOMMANDS[0m
[48;1H[K:[K[K [KESCESC[KOO[KAA[K[HM
[48;1H[K:[K[K [KESCESC[KOO[KAA[K[HM       bash built-in commands, see [1mbash[0m(1)
[48;1H[K:[K[K [KESCESC[KOO[KAA[K[HM       pwd, read, readonly, return, set, shift, shopt, source, suspend, test, times, trap, true, type, typeset, ulimit, umask, unalias, unset, wait -
[48;1H[K:[K[K [KESCESC[KOO[KAA[K[HM       enable, eval, exec, exit, export, false, fc, fg, getopts, hash, help, history, jobs, kill, let, local, logout, mapfile, popd,  printf,  pushd,
[48;1H[K:[K[K [KESCESC[KOO[KAA[K[HM       bash,  :,  .,  [,  alias,  bg,  bind,  break, builtin, caller, cd, command, compgen, complete, compopt, continue, declare, dirs, disown, echo,
[48;1H[K:[K[K [KESCESC[KOO[KAA[K[HM[1mNAME[0m
[48;1H[K:[K[K [KESCESC[KOO[KAA[K[HM
[48;1H[K:[K[K [KESCESC[KOO[KAA[K[HMBASH_BUILTINS(1)                                              BASH_BUILTINS(1)
[48;1H[K:[K[K [KESCESC[KOO[KAA[K[K:[K[K [KESCESC[KOO[KAA[K[K:[K[K [KESCESC[KOO[KAA[K[K:[K[K [KESCESC[KOO[KAA[K[K:[K[K [KESCESC[KOO[KAA[K[K:[K[K [KESCESC[KOO[KAA[K[K:[K[K [KESCESC[KOO[KAA[K[K:[K[K [KESCESC[KOO[KAA[K[K:[K[K [KESCESC[KOO[KAA[K[K:[K[K [KESCESC[KOO[KAA[K[K:[K[K [KESCESC[KOO[KAA[K[K:[K[K [KESCESC[KOO[KAA[K[K:[K[K [KESCESC[KOO[KAA[K[K:[K[K [KESCESC[KOO[KAA[K[K:[K[K [KESCESC[KOO[KAA[K[K:[K[K [KESCESC[KOO[KAA[K[K:[K[K [KESCESC[KOO[KAA[K[K:[K[K [KESCESC[KOO[KAA[K[K:[K[K [KESCESC[KOO[KAA[K[K:[K[K [KESCESC[KOO[KAA[K[K:[K[K [KESCESC[KOO[KAA[K[K:[K[K [KESCESC[KOO[KAA[K[K:[K[K [KESCESC[KOO[KAA[K[K:[K[K [KESCESC[KOO[KAA[K[K:[K[K [KESCESC[KOO[KAA[K[K:[K[K [KESCESC[KOO[KAA[K[K:[K[K [KESCESC[KOO[KAA[K[K:[K[K [KESCESC[KOO[KAA[K[K:[K[K [KESCESC[KOO[KAA[K[K:[K[K [KESCESC[KOO[KAA[K[K:[K[K[?1l>[?1049l[zihao@mumble-03] (9)$  [Kman 2 exec
No entry for exec in section 2 of the manual
[zihao@mumble-03] (10)$ man 2 execvp
No entry for execvp in section 2 of the manual
[zihao@mumble-03] (11)$ man 2 execvp[1P execvp
[?1049h[?1h=EXEC(3)                    Linux Programmerâ€™s Manual                   EXEC(3)

[1mNAME[0m
       execl, execlp, execle, execv, execvp - execute a file

[1mSYNOPSIS[0m
       [1m#include[0m [1m<unistd.h>[0m

       [1mextern[0m [1mchar[0m [1m**environ;[0m

       [1mint[0m [1mexecl(const[0m [1mchar[0m [1m*[0m[4mpath[24m[1m,[0m [1mconst[0m [1mchar[0m [1m*[0m[4marg[24m[1m,[0m [1m...);[0m
       [1mint[0m [1mexeclp(const[0m [1mchar[0m [1m*[0m[4mfile[24m[1m,[0m [1mconst[0m [1mchar[0m [1m*[0m[4marg[24m[1m,[0m [1m...);[0m
       [1mint[0m [1mexecle(const[0m [1mchar[0m [1m*[0m[4mpath[24m[1m,[0m [1mconst[0m [1mchar[0m [1m*[0m[4marg[24m[1m,[0m
                  [1m...,[0m [1mchar[0m [1m*[0m [1mconst[0m [4menvp[24m[1m[]);[0m
       [1mint[0m [1mexecv(const[0m [1mchar[0m [1m*[0m[4mpath[24m[1m,[0m [1mchar[0m [1m*const[0m [4margv[24m[1m[]);[0m
       [1mint[0m [1mexecvp(const[0m [1mchar[0m [1m*[0m[4mfile[24m[1m,[0m [1mchar[0m [1m*const[0m [4margv[24m[1m[]);[0m

[1mDESCRIPTION[0m
       The  [1mexec[0m()  family of functions replaces the current process image with a new process image.  The functions described in this manual page are
       front-ends for [1mexecve[0m(2).  (See the manual page for [1mexecve[0m(2) for further details about the replacement of the current process image.)

       The initial argument for these functions is the pathname of a file which is to be executed.

       The [4mconst[24m [4mchar[24m [4m*arg[24m and subsequent ellipses in the [1mexecl[0m(), [1mexeclp[0m(), and [1mexecle[0m() functions can be thought  of  as  [4marg0[24m,  [4marg1[24m,  ...,  [4margn[24m.
       Together  they  describe  a list of one or more pointers to null-terminated strings that represent the argument list available to the executed
       program.  The first argument, by convention, should point to the filename associated with the file being executed.  The list of arguments [4mmust[24m
       be terminated by a NULL pointer, and, since these are variadic functions, this pointer must be cast [4m(char[24m [4m*)[24m [4mNULL[24m.

       The  [1mexecv[0m()  and [1mexecvp[0m() functions provide an array of pointers to null-terminated strings that represent the argument list available to the
       new program.  The first argument, by convention, should point to the filename associated with the file being executed.  The array of  pointers
       [4mmust[24m be terminated by a NULL pointer.

       The  [1mexecle[0m()  function also specifies the environment of the executed process by following the NULL pointer that terminates the list of argu-
       ments in the argument list or the pointer to the [4margv[24m array with an additional argument.  This additional argument is an array of pointers  to
       null-terminated strings and [4mmust[24m be terminated by a NULL pointer.  The other functions take the environment for the new process image from the
       external variable [4menviron[24m in the current process.

   [1mSpecial[0m [1msemantics[0m [1mfor[0m [1mexeclp()[0m [1mand[0m [1mexecvp()[0m
       The functions [1mexeclp[0m() and [1mexecvp[0m() will duplicate the actions of the shell in searching for an executable file if the specified filename does
       not  contain  a  slash  (/) character.  The search path is the path specified in the environment by the [1mPATH[0m variable.  If this variable isnâ€™t
       specified, the default path ":/bin:/usr/bin" is used.  In addition, certain errors are treated specially.

       If permission is denied for a file (the attempted [1mexecve[0m(2) failed with the error [1mEACCES[0m), these functions will continue searching the rest of
       the search path.  If no other file is found, however, they will return with [4merrno[24m set to [1mEACCES[0m.

       If  the  header  of  a  file  isnâ€™t recognized (the attempted [1mexecve[0m(2) failed with the error [1mENOEXEC[0m), these functions will execute the shell
       ([4m/bin/sh[24m) with the path of the file as its first argument.  (If this attempt fails, no further searching is done.)
:[K[K [KESCESC[KOO[KBB[K
:[K[K [KESCESC[KOO[KBB[K[1mRETURN[0m [1mVALUE[0m
:[K[K [KESCESC[KOO[KBB[K       If any of the [1mexec[0m() functions returns, an error will have occurred.  The return value is -1, and [4merrno[24m will be set to indicate the error.
:[K[K [KESCESC[KOO[KBB[K
:[K[K [KESCESC[KOO[KBB[K[1mERRORS[0m
:[K[K [KESCESC[KOO[KBB[K       All of these functions may fail and set [4merrno[24m for any of the errors specified for the library function [1mexecve[0m(2).
:[K[K [KESCESC[KOO[KBB[K
:[K[K [KESCESC[KOO[KBB[K[1mCONFORMING[0m [1mTO[0m
:[K[K [KESCESC[KOO[KBB[K       POSIX.1-2001.
:[K[K [KESCESC[KOO[KBB[K
:[K[K [KESCESC[KOO[KBB[K[1mNOTES[0m
:[K[K [KESCESC[KOO[KBB[K       On some other systems the default path (used when the environment does not contain the variable [1mPATH[0m) has the current working directory listed
:[K[K [KESCESC[KOO[KBB[K       after [4m/bin[24m and [4m/usr/bin[24m, as an anti-Trojan-horse measure.  Linux uses here the traditional "current directory first" default path.
:[K[K [KESCESC[KOO[KBB[K
:[K[K [KESCESC[KOO[KBB[K       The  behavior  of [1mexeclp[0m() and [1mexecvp[0m() when errors occur while attempting to execute the file is historic practice, but has not traditionally
:[K[K [KESCESC[KOO[KBB[K       been documented and is not specified by the POSIX standard.  BSD (and possibly other systems) do an automatic sleep and retry  if  [1mETXTBSY[0m  is
:[K[K [KESCESC[KOO[KBB[K       encountered.  Linux treats it as a hard error and returns immediately.
:[K[K [KESCESC[KOO[KBB[K
:[K[K [KESCESC[KOO[KBB[K       Traditionally,  the  functions  [1mexeclp[0m()  and [1mexecvp[0m() ignored all errors except for the ones described above and [1mENOMEM[0m and [1mE2BIG[0m, upon which
:[K[K [KESCESC[KOO[KBB[K       they returned.  They now return if any error other than the ones described above occurs.
:[K[K [KESCESC[KOO[KBB[K
:[K[K [KESCESC[KOO[KBB[K[1mSEE[0m [1mALSO[0m
:[K[K [KESCESC[KOO[KBB[K       [1msh[0m(1), [1mexecve[0m(2), [1mfork[0m(2), [1mptrace[0m(2), [1mfexecve[0m(3), [1menviron[0m(7)
:[K[K [KESCESC[KOO[KBB[K
:[K[K [KESCESC[KOO[KBB[K[1mCOLOPHON[0m
:[K[K [KESCESC[KOO[KBB[K       This page is part of release 3.22 of the Linux [4mman-pages[24m project.  A description of the project, and information about reporting bugs, can  be
:[K[K [KESCESC[KOO[KBB[K       found at http://www.kernel.org/doc/man-pages/.
:[K[K [KESCESC[KOO[KBB[K
:[K[K [KESCESC[KOO[KBB[KGNU                               2009-02-22                           EXEC(3)
:[K[K [KESCESC[KOO[KBB[K[K[7m(END) [27m[K[K[?1l>[?1049l[zihao@mumble-03] (12)$ make
cc     mysh.c   -o mysh
[zihao@mumble-03] (13)$ ./mysh script
/bin/ls
c  hello.py  ll  makefile  mysh  mysh.c  mysh.c~  out  out.txt	runtests.log  script  typescript
HERE!^C
[zihao@mumble-03] (14)$ make
cc     mysh.c   -o mysh
[zihao@mumble-03] (15)$ ./mm[Kysh script
/bin/ls
c  hello.py  ll  makefile  mysh  mysh.c  mysh.c~  out  out.txt	runtests.log  script  typescript
[zihao@mumble-03] (16)$ ./[K/mysh scriptmake[K./mysh scriptmake[Kn  execvp2 execvp[K[2Pexec./mysh scriptmake[K cleanls[K./mysh scriptmake[K./mysh scriptwl[K[2Plscd ../P1ls[Kcd P2[3Plscd CS5643ls[Kcd privatels[Kkillall qemugdb[Kpwdmake qemu-nox-gdbgdb-nox[Knoxaxls[Kcd xv6[4Plscd xv6/ls[Kcd scheduler/ls[Kcd P2[3Plscd CS537/ls[Kcd P2[3Plscd scheduler/ls[Kcd xv6/ls[Kcd xv6[4Plsmake qemu-naxoxgdb-noxnox-gdbpwd[Kgdbkillall qemuls[Kcd privatels[Kcd CS5634ls[Kcd P2[3Plscd ../P1ls[K./wlmysh scriptmake[K./mysh scriptls[Kmake clean[K./mysh script[5Pman exec2 execvp[1P execvpke[K./mysh scriptmake[K./mysh script[K[K~cs537-2/
handin/    homeworks/ private/   projects/  public/    ta/        testing/   
[zihao@mumble-03] (16)$ ~cs537-2/rt[K[Kta/
.git/     grading/  private/  provided/ ref/      tests/    tools/    xv6/      
[zihao@mumble-03] (16)$ ~cs537-2/ta/tests/
1a/         1a-contest/ 1b/         2a/         2b/         3a/         3a-contest/ 3b/         4a/         4b/         5a/         5b/         
[zihao@mumble-03] (16)$ ~cs537-2/ta/tests/2a/runtests 

**********************************************************************

Test build
build project using make

**********************************************************************
Trying to clean project using make clean
make clean
rm -f core *.o mysh
Trying to build project using make
make
cc     mysh.c   -o mysh


test build PASSED
 (build project using make)


**********************************************************************

Test basic
run a single command with no arguments

**********************************************************************
/tmp/tmpiYPY1w/p/./mysh /u/c/s/cs537-2/ta/tests/2a/basic/in


test basic PASSED
 (run a single command with no arguments)


**********************************************************************

Test blank
an empty batch file

**********************************************************************
/tmp/tmpiYPY1w/p/./mysh /u/c/s/cs537-2/ta/tests/2a/blank/in
Failure: ./mysh gave incorrect standard output.
Expected: ""
Got:      "\n"


test blank FAILED
 (an empty batch file)
 ./mysh gave incorrect standard output.

Skipped 32 tests.
To keep testing after failing a test, use flag '-c' or '--continue'
[zihao@mumble-03] (17)$ make
cc     mysh.c   -o mysh
[zihao@mumble-03] (18)$ ./mysh 
>mysh 
>mysh mak  ^C
[zihao@mumble-03] (19)$ make
cc     mysh.c   -o mysh
[zihao@mumble-03] (20)$ vim script 
[?1049h[?1h=[1;48r[?12;25h[?12l[?25h[27m[m[H[2J[?25l[48;1H"script" 1L, 8C[>c[1;1H/bin/ls
[1m[34m~                                                                                                                                                                     [3;1H~                                                                                                                                                                     [4;1H~                                                                                                                                                                     [5;1H~                                                                                                                                                                     [6;1H~                                                                                                                                                                     [7;1H~                                                                                                                                                                     [8;1H~                                                                                                                                                                     [9;1H~                                                                                                                                                                     [10;1H~                                                                                                                                                                     [11;1H~                                                                                                                                                                     [12;1H~                                                                                                                                                                     [13;1H~                                                                                                                                                                     [14;1H~                                                                                                                                                                     [15;1H~                                                                                                                                                                     [16;1H~                                                                                                                                                                     [17;1H~                                                                                                                                                                     [18;1H~                                                                                                                                                                     [19;1H~                                                                                                                                                                     [20;1H~                                                                                                                                                                     [21;1H~                                                                                                                                                                     [22;1H~                                                                                                                                                                     [23;1H~                                                                                                                                                                     [24;1H~                                                                                                                                                                     [25;1H~                                                                                                                                                                     [26;1H~                                                                                                                                                                     [27;1H~                                                                                                                                                                     [28;1H~                                                                                                                                                                     [29;1H~                                                                                                                                                                     [30;1H~                                                                                                                                                                     [31;1H~                                                                                                                                                                     [32;1H~                                                                                                                                                                     [33;1H~                                                                                                                                                                     [34;1H~                                                                                                                                                                     [35;1H~                                                                                                                                                                     [36;1H~                                                                                                                                                                     [37;1H~                                                                                                                                                                     [38;1H~                                                                                                                                                                     [39;1H~                                                                                                                                                                     [40;1H~                                                                                                                                                                     [41;1H~                                                                                                                                                                     [42;1H~                                                                                                                                                                     [43;1H~                                                                                                                                                                     [44;1H~                                                                                                                                                                     [45;1H~                                                                                                                                                                     [46;1H~                                                                                                                                                                     [47;1H~                                                                                                                                                                     [m[48;149H1,1[11CAll[1;1H[?12l[?25hP+q436f\P+q6b75\P+q6b64\P+q6b72\P+q6b6c\P+q2332\P+q2334\P+q2569\P+q2a37\P+q6b31\[?25l[1;1H[K[48;1H--No lines in buffer--[48;149H[K[48;149H0,0-1[9CAll[1;1H[?12l[?25h[?25l[?12l[?25h[?25l[48;1H[K[48;1H:[?12l[?25hw[?25l[?12l[?25hq[?25l[?12l[?25h[?25l"script" 0L, 0C written
[?1l>[?12l[?25h[?1049l[zihao@mumble-03] (21)$ ./mysh script
[zihao@mumble-03] (22)$ ./mysh script[2Pvim script [7Pmake./mysh [3Pmake~cs537-2/ta/tests/2a/runtests 

**********************************************************************

Test build
build project using make

**********************************************************************
Trying to clean project using make clean
make clean
rm -f core *.o mysh
Trying to build project using make
make
cc     mysh.c   -o mysh


test build PASSED
 (build project using make)


**********************************************************************

Test basic
run a single command with no arguments

**********************************************************************
/tmp/tmpkrtCF6/p/./mysh /u/c/s/cs537-2/ta/tests/2a/basic/in
Failure: ./mysh gave incorrect standard output.
Expected: "/bin/uname\nLinux\n"
Got:      "/bin/uname\ncleaned Line: /bin/uname\nLinux\n"


test basic FAILED
 (run a single command with no arguments)
 ./mysh gave incorrect standard output.

Skipped 33 tests.
To keep testing after failing a test, use flag '-c' or '--continue'
[zihao@mumble-03] (23)$ ~cs537-2/ta/tests/2a/runtests 

**********************************************************************

Test build
build project using make

**********************************************************************
Trying to clean project using make clean
make clean
rm -f core *.o mysh
Trying to build project using make
make
cc     mysh.c   -o mysh


test build PASSED
 (build project using make)


**********************************************************************

Test basic
run a single command with no arguments

**********************************************************************
/tmp/tmppxaO9P/p/./mysh /u/c/s/cs537-2/ta/tests/2a/basic/in


test basic PASSED
 (run a single command with no arguments)


**********************************************************************

Test blank
an empty batch file

**********************************************************************
/tmp/tmppxaO9P/p/./mysh /u/c/s/cs537-2/ta/tests/2a/blank/in
Failure: ./mysh gave incorrect standard output.
Expected: ""
Got:      "\n"


test blank FAILED
 (an empty batch file)
 ./mysh gave incorrect standard output.

Skipped 32 tests.
To keep testing after failing a test, use flag '-c' or '--continue'
[zihao@mumble-03] (24)$ ~cs537-2/ta/tests/2a/runtests [C[C[C[C[C[C[C[C[C[C[C[C[C[C[C[C[C[C[C[C[C[C[C[C[17P./mysh script
[zihao@mumble-03] (25)$ ./mysh script
[zihao@mumble-03] (26)$ make clean
rm -f core *.o mysh
[zihao@mumble-03] (27)$ make
cc     mysh.c   -o mysh
[zihao@mumble-03] (28)$ ./mysh script p
An error has occurred
[zihao@mumble-03] (29)$ ./mysh script p[K
[zihao@mumble-03] (30)$ ./mysh script  >[K[K> out[K[K[K[K[K[Kmake
cc     mysh.c   -o mysh
[zihao@mumble-03] (31)$ ./mmake./mysh script 
[zihao@mumble-03] (32)$ ./mysh 
>mysh 
HERE!cleaned Line: (null)
>mysh 
HERE!cleaned Line: (null)
>mysh 
HERE!cleaned Line: (null)
>mysh 
HERE!cleaned Line: (null)
>mysh ^C
[zihao@mumble-03] (33)$ ./mysh script make[K
cc     mysh.c   -o mysh
[zihao@mumble-03] (34)$ make./mysh script 
HERE![zihao@mumble-03] (35)$ make
cc     mysh.c   -o mysh
[zihao@mumble-03] (36)$ ./mysh 
>mysh ^C
[zihao@mumble-03] (37)$ ./mysh script
[zihao@mumble-03] (38)$ ./mysh script[K[3Pmake./mysh script make[K./mysh script make[K./mysh script pmake[K clean./mysh script~cs537-2/ta/tests/2a/runtests 

**********************************************************************

Test build
build project using make

**********************************************************************
Trying to clean project using make clean
make clean
rm -f core *.o mysh
Trying to build project using make
make
cc     mysh.c   -o mysh


test build PASSED
 (build project using make)


**********************************************************************

Test basic
run a single command with no arguments

**********************************************************************
/tmp/tmpw33S6b/p/./mysh /u/c/s/cs537-2/ta/tests/2a/basic/in
Failure: ./mysh gave incorrect standard output.
Expected: "/bin/uname\nLinux\n"
Got:      "/bin/uname\ncleaned Line: /bin/uname\nLinux\n"


test basic FAILED
 (run a single command with no arguments)
 ./mysh gave incorrect standard output.

Skipped 33 tests.
To keep testing after failing a test, use flag '-c' or '--continue'
[zihao@mumble-03] (39)$ ~cs537-2/ta/tests/2a/runtests 

**********************************************************************

Test build
build project using make

**********************************************************************
Trying to clean project using make clean
make clean
rm -f core *.o mysh
Trying to build project using make
make
cc     mysh.c   -o mysh


test build PASSED
 (build project using make)


**********************************************************************

Test basic
run a single command with no arguments

**********************************************************************
/tmp/tmpA7kXm2/p/./mysh /u/c/s/cs537-2/ta/tests/2a/basic/in


test basic PASSED
 (run a single command with no arguments)


**********************************************************************

Test blank
an empty batch file

**********************************************************************
/tmp/tmpA7kXm2/p/./mysh /u/c/s/cs537-2/ta/tests/2a/blank/in
Failure: ./mysh gave incorrect standard output.
Expected: ""
Got:      "\n"


test blank FAILED
 (an empty batch file)
 ./mysh gave incorrect standard output.

Skipped 32 tests.
To keep testing after failing a test, use flag '-c' or '--continue'
[zihao@mumble-03] (40)$ make
cc     mysh.c   -o mysh
[zihao@mumble-03] (41)$ ./mysh [K[K[K[K[K[Kmake~cs537-2/ta/tests/2a/runtests [C[C[C[C[C[C[C[C[C[C[C[C[C[C[C[C[C[C[C[C[C[C[C[C[17P./mysh script~cs537-2/ta/tests/2a/runtests [C[C[C[C[C[C[C[C[C[C[C[C[C[C[C[C[C[C[C[C[C[C[C[Cmake[K[K[K[K[K~cs537-2/ta/tests/2a/runtests 

**********************************************************************

Test build
build project using make

**********************************************************************
Trying to clean project using make clean
make clean
rm -f core *.o mysh
Trying to build project using make
make
cc     mysh.c   -o mysh


test build PASSED
 (build project using make)


**********************************************************************

Test basic
run a single command with no arguments

**********************************************************************
/tmp/tmp2ksJpb/p/./mysh /u/c/s/cs537-2/ta/tests/2a/basic/in


test basic PASSED
 (run a single command with no arguments)


**********************************************************************

Test blank
an empty batch file

**********************************************************************
/tmp/tmp2ksJpb/p/./mysh /u/c/s/cs537-2/ta/tests/2a/blank/in
Failure: ./mysh gave incorrect standard output.
Expected: ""
Got:      "\n"


test blank FAILED
 (an empty batch file)
 ./mysh gave incorrect standard output.

Skipped 32 tests.
To keep testing after failing a test, use flag '-c' or '--continue'
[zihao@mumble-03] (42)$ make
cc     mysh.c   -o mysh
[zihao@mumble-03] (43)$ ./mysh script
HERE![zihao@mumble-03] (44)$ ./mysh scriptmake[K./mysh scriptmake[K
cc     mysh.c   -o mysh
[zihao@mumble-03] (45)$ make./mysh scriptmake[K./mysh script
HERE! 0[zihao@mumble-03] (46)$ vim script 
[?1049h[?1h=[1;48r[?12;25h[?12l[?25h[27m[m[H[2J[?25l[48;1H"script" 0L, 0C[>c[2;1H[1m[34m~                                                                                                                                                                     [3;1H~                                                                                                                                                                     [4;1H~                                                                                                                                                                     [5;1H~                                                                                                                                                                     [6;1H~                                                                                                                                                                     [7;1H~                                                                                                                                                                     [8;1H~                                                                                                                                                                     [9;1H~                                                                                                                                                                     [10;1H~                                                                                                                                                                     [11;1H~                                                                                                                                                                     [12;1H~                                                                                                                                                                     [13;1H~                                                                                                                                                                     [14;1H~                                                                                                                                                                     [15;1H~                                                                                                                                                                     [16;1H~                                                                                                                                                                     [17;1H~                                                                                                                                                                     [18;1H~                                                                                                                                                                     [19;1H~                                                                                                                                                                     [20;1H~                                                                                                                                                                     [21;1H~                                                                                                                                                                     [22;1H~                                                                                                                                                                     [23;1H~                                                                                                                                                                     [24;1H~                                                                                                                                                                     [25;1H~                                                                                                                                                                     [26;1H~                                                                                                                                                                     [27;1H~                                                                                                                                                                     [28;1H~                                                                                                                                                                     [29;1H~                                                                                                                                                                     [30;1H~                                                                                                                                                                     [31;1H~                                                                                                                                                                     [32;1H~                                                                                                                                                                     [33;1H~                                                                                                                                                                     [34;1H~                                                                                                                                                                     [35;1H~                                                                                                                                                                     [36;1H~                                                                                                                                                                     [37;1H~                                                                                                                                                                     [38;1H~                                                                                                                                                                     [39;1H~                                                                                                                                                                     [40;1H~                                                                                                                                                                     [41;1H~                                                                                                                                                                     [42;1H~                                                                                                                                                                     [43;1H~                                                                                                                                                                     [44;1H~                                                                                                                                                                     [45;1H~                                                                                                                                                                     [46;1H~                                                                                                                                                                     [47;1H~                                                                                                                                                                     [m[48;149H0,0-1[9CAll[1;1H[?12l[?25hP+q436f\P+q6b75\P+q6b64\P+q6b72\P+q6b6c\P+q2332\P+q2334\P+q2569\P+q2a37\P+q6b31\[?25l[48;1H[1m-- INSERT --[m[48;14H[K[48;149H0,1[11CAll[1;1H[?12l[?25h[?25l[2;1H[K[48;149H2[2;1H[?12l[?25h[48;1H[K[2;1H[?25l[48;149H2,0-1[9CAll[2;1H[?12l[?25h[?25l[48;149H[K[48;1H:[?12l[?25hw[?25l[?12l[?25hq[?25l[?12l[?25h[?25l"script" 2L, 2C written
[?1l>[?12l[?25h[?1049l[zihao@mumble-03] (47)$ vim script ./mysh script


HERE! 0HERE! 0HERE! 0[zihao@mumble-03] (48)$ cat script


[zihao@mumble-03] (49)$ wq
bash: wq: command not found
[zihao@mumble-03] (50)$ vim script 
[?1049h[?1h=[1;48r[?12;25h[?12l[?25h[27m[m[H[2J[?25l[48;1H"script" 2L, 2C[>c[3;1H[1m[34m~                                                                                                                                                                     [4;1H~                                                                                                                                                                     [5;1H~                                                                                                                                                                     [6;1H~                                                                                                                                                                     [7;1H~                                                                                                                                                                     [8;1H~                                                                                                                                                                     [9;1H~                                                                                                                                                                     [10;1H~                                                                                                                                                                     [11;1H~                                                                                                                                                                     [12;1H~                                                                                                                                                                     [13;1H~                                                                                                                                                                     [14;1H~                                                                                                                                                                     [15;1H~                                                                                                                                                                     [16;1H~                                                                                                                                                                     [17;1H~                                                                                                                                                                     [18;1H~                                                                                                                                                                     [19;1H~                                                                                                                                                                     [20;1H~                                                                                                                                                                     [21;1H~                                                                                                                                                                     [22;1H~                                                                                                                                                                     [23;1H~                                                                                                                                                                     [24;1H~                                                                                                                                                                     [25;1H~                                                                                                                                                                     [26;1H~                                                                                                                                                                     [27;1H~                                                                                                                                                                     [28;1H~                                                                                                                                                                     [29;1H~                                                                                                                                                                     [30;1H~                                                                                                                                                                     [31;1H~                                                                                                                                                                     [32;1H~                                                                                                                                                                     [33;1H~                                                                                                                                                                     [34;1H~                                                                                                                                                                     [35;1H~                                                                                                                                                                     [36;1H~                                                                                                                                                                     [37;1H~                                                                                                                                                                     [38;1H~                                                                                                                                                                     [39;1H~                                                                                                                                                                     [40;1H~                                                                                                                                                                     [41;1H~                                                                                                                                                                     [42;1H~                                                                                                                                                                     [43;1H~                                                                                                                                                                     [44;1H~                                                                                                                                                                     [45;1H~                                                                                                                                                                     [46;1H~                                                                                                                                                                     [47;1H~                                                                                                                                                                     [m[48;149H2,0-1[9CAll[2;1H[?12l[?25hP+q436f\P+q6b75\P+q6b64\P+q6b72\P+q6b6c\P+q2332\P+q2334\P+q2569\P+q2a37\P+q6b31\[?25l[48;1H[1m-- INSERT --[m[48;14H[K[48;149H2,1[11CAll[2;1H[?12l[?25h[?25l[1m[34m~                                                                                                                                                                     [m[48;149H1[1;1H[?12l[?25h[48;1H[K[1;1H[?25l[48;149H1,0-1[9CAll[1;1H[?12l[?25h[?25l[48;149H[K[48;1H:[?12l[?25hw[?25l[?12l[?25hq[?25l[?12l[?25h[?25l"script" 1L, 1C written
[?1l>[?12l[?25h[?1049l[zihao@mumble-03] (51)$ cat script

[zihao@mumble-03] (52)$ cat scriptvim script wq[Kcat script[3@./mysh[C[C[C[C[C[C[C[2Pvim script ./mysh script

HERE! 0HERE! 0[zihao@mumble-03] (53)$ a[Knajke[K[K[K[K[Kmake
cc     mysh.c   -o mysh
[zihao@mumble-03] (54)$ ./make./mysh script

[zihao@mumble-03] (55)$ make
cc     mysh.c   -o mysh
[zihao@mumble-03] (56)$ ./mysh script 

HERE![zihao@mumble-03] (57)$ make
cc     mysh.c   -o mysh
[zihao@mumble-03] (58)$ ./make./mysh script 
[zihao@mumble-03] (59)$ ./mysh script make[K./mysh script make[K./mysh scriptmake[K./mysh script[3Pcat[C[C[C[C[C[C[Cvim script wq[Kcat script[3@./mysh[C[C[C[C[C[C[C[2Pvim script ./mysh scriptmake[K./mysh scriptmake[K~cs537-2/ta/tests/2a/runtests [C[C[C[C[C[C[C[C[C[C[C[C[C[C[C[C[C[C[C[C[C[C[C[C[K~cs537-2/ta/tests/2a/runtests 

**********************************************************************

Test build
build project using make

**********************************************************************
Trying to clean project using make clean
make clean
rm -f core *.o mysh
Trying to build project using make
make
cc     mysh.c   -o mysh


test build PASSED
 (build project using make)


**********************************************************************

Test basic
run a single command with no arguments

**********************************************************************
/tmp/tmp2P854K/p/./mysh /u/c/s/cs537-2/ta/tests/2a/basic/in


test basic PASSED
 (run a single command with no arguments)


**********************************************************************

Test blank
an empty batch file

**********************************************************************
/tmp/tmp2P854K/p/./mysh /u/c/s/cs537-2/ta/tests/2a/blank/in


test blank PASSED
 (an empty batch file)


**********************************************************************

Test multiline
two single line commands

**********************************************************************
/tmp/tmp2P854K/p/./mysh /u/c/s/cs537-2/ta/tests/2a/multiline/in


test multiline PASSED
 (two single line commands)


**********************************************************************

Test parseargs
a command with an argument

**********************************************************************
/tmp/tmp2P854K/p/./mysh /u/c/s/cs537-2/ta/tests/2a/parseargs/in


test parseargs PASSED
 (a command with an argument)


**********************************************************************

Test parseargs2
a command with many arguments

**********************************************************************
/tmp/tmp2P854K/p/./mysh /u/c/s/cs537-2/ta/tests/2a/parseargs2/in


test parseargs2 PASSED
 (a command with many arguments)


**********************************************************************

Test parseargs3
successfully parse indirection and background symbols

**********************************************************************
/tmp/tmp2P854K/p/./mysh /u/c/s/cs537-2/ta/tests/2a/parseargs3/in
Failure: ./mysh gave incorrect standard output.
Expected: "rm -f 1.out\necho hello>1.out&\nwait\ncat 1.out\nhello\n"
Got:      "rm -f 1.out\necho hello>1.out&\nwait\ncat 1.out\n"


test parseargs3 FAILED
 (successfully parse indirection and background symbols)
 ./mysh gave incorrect standard output.

Skipped 28 tests.
To keep testing after failing a test, use flag '-c' or '--continue'
[zihao@mumble-03] (60)$ make
make: Nothing to be done for `all'.
[zihao@mumble-03] (61)$ ./ms[Kty[Ky[K[Kysh 
>mysh rm -f 1.out
>mysh echo hello >    >1.out&
>mysh wait
>mysh e ca  cat 1.out
cat: 1.out: No such file or directory
>mysh echo hello>1.out
>mysh cat 1.out
hello
>mysh exit
[zihao@mumble-03] (62)$ make
cc     mysh.c   -o mysh
[zihao@mumble-03] (63)$ ./mysh 
>mysh echo hello > people      hellow   
redirect? 1, background? 0
>mysh ^[[A    echo e hello >         hello.  > 1.out  &^[[D^[[D^[[D                     >1.out&
redirect? 1, background? 0
>mysh exit
redirect? 0, background? 0
[zihao@mumble-03] (64)$ make
cc     mysh.c   -o mysh
mysh.c: In function â€˜mainâ€™:
mysh.c:301: error: â€˜forâ€™ loop initial declarations are only allowed in C99 mode
mysh.c:301: note: use option -std=c99 or -std=gnu99 to compile your code
make: *** [mysh] Error 1
[zihao@mumble-03] (65)$ ./[K[Kmkae
bash: mkae: command not found
[zihao@mumble-03] (66)$ make
cc     mysh.c   -o mysh
mysh.c: In function â€˜mainâ€™:
mysh.c:302: error: â€˜iâ€™ undeclared (first use in this function)
mysh.c:302: error: (Each undeclared identifier is reported only once
mysh.c:302: error: for each function it appears in.)
make: *** [mysh] Error 1
[zihao@mumble-03] (67)$ .[Kmkae
bash: mkae: command not found
[zihao@mumble-03] (68)$ make
cc     mysh.c   -o mysh
[zihao@mumble-03] (69)$ ./mysh 
>mysh echo hello. >1.out&
args: args: args: redirect? 1, background? 0
>mysh exit
args: redirect? 0, background? 0
[zihao@mumble-03] (70)$ make
cc     mysh.c   -o mysh
[zihao@mumble-03] (71)$ ./mysh script
[zihao@mumble-03] (72)$ ./mysh script[K[K[K[K[K[K
>mysh echo hello>1.out&
echo
hello
1.out&
redirect? 1, background? 0
>mysh ^C
[zihao@mumble-03] (73)$ make
cc     mysh.c   -o mysh
mysh.c: In function â€˜mainâ€™:
mysh.c:293: warning: assignment makes integer from pointer without a cast
mysh.c:294: warning: comparison between pointer and integer
mysh.c:296: warning: assignment makes pointer from integer without a cast
mysh.c:298: warning: assignment makes integer from pointer without a cast
[zihao@mumble-03] (74)$ make
cc     mysh.c   -o mysh
[zihao@mumble-03] (75)$ ./mysh 
>mysh echo hello   >     > o>1.out&
An error has occurred
>mysh ^C
[zihao@mumble-03] (76)$ make
cc     mysh.c   -o mysh
[zihao@mumble-03] (77)$ ./mysh 
>mysh echo hello >    >1.out&
echo
hello
1.out&
An error has occurred
>mysh ^C
[zihao@mumble-03] (78)$ Use "exit" to leave the shell.
[zihao@mumble-03] (78)$ make
cc     mysh.c   -o mysh
mysh.c: In function â€˜mainâ€™:
mysh.c:313: warning: assignment makes integer from pointer without a cast
[zihao@mumble-03] (79)$ make
cc     mysh.c   -o mysh
[zihao@mumble-03] (80)$ ./mysh 
>mysh eco   ls
ls
redirect? 0, background? 0
1.out  1.out&  c  hello  hello.py  ll  makefile  mysh  mysh.c  mysh.c~	out  out.txt  runtests.log  script  typescript
>mysh rm out.txt
rm
out.txt
redirect? 0, background? 0
>mysh rm out
rm
out
redirect? 0, background? 0
>mysh rm 1.out&
HERE!rm
1.out
redirect? 0, background? 1
>mysh ls
ls
redirect? 0, background? 0
>mysh 1.out&	c  hello  hello.py  ll	makefile  mysh	mysh.c	mysh.c~  runtests.log  script  typescript
wait
wait
redirect? 0, background? 0
>mysh ls
ls
redirect? 0, background? 0
1.out&	c  hello  hello.py  ll	makefile  mysh	mysh.c	mysh.c~  runtests.log  script  typescript
>mysh rm 1.     ^C
[zihao@mumble-03] (81)$ rm 1.out\& 
rm: remove regular file `1.out&'? yes
[zihao@mumble-03] (82)$ ls
[0m[01;34mc[0m/  [01;32mhello[0m*  hello.py  [01;32mll[0m*  makefile  [01;32mmysh[0m*  mysh.c  mysh.c~  runtests.log  script  typescript
[m[zihao@mumble-03] (83)$ ./mysh 
>mysh echo>hello       hello>1.out&
HERE!echo
hello
1.out
redirect? 1, background? 1
>mysh ls
ls
redirect? 0, background? 0
>mysh 1.out  c  hello  hello.py  ll  makefile  mysh  mysh.c  mysh.c~	runtests.log  script  typescript
wait
wait
redirect? 0, background? 0
>mysh ls
ls
redirect? 0, background? 0
1.out  c  hello  hello.py  ll  makefile  mysh  mysh.c  mysh.c~	runtests.log  script  typescript
>mysh vim 1.out
vim
1.out
redirect? 0, background? 0
[?1049h[?1h=[1;48r[?12;25h[?12l[?25h[27m[m[H[2J[?25l[48;1H"1.out" 1L, 6C[>c[1;1Hhello
[1m[34m~                                                                                                                                                                     [3;1H~                                                                                                                                                                     [4;1H~                                                                                                                                                                     [5;1H~                                                                                                                                                                     [6;1H~                                                                                                                                                                     [7;1H~                                                                                                                                                                     [8;1H~                                                                                                                                                                     [9;1H~                                                                                                                                                                     [10;1H~                                                                                                                                                                     [11;1H~                                                                                                                                                                     [12;1H~                                                                                                                                                                     [13;1H~                                                                                                                                                                     [14;1H~                                                                                                                                                                     [15;1H~                                                                                                                                                                     [16;1H~                                                                                                                                                                     [17;1H~                                                                                                                                                                     [18;1H~                                                                                                                                                                     [19;1H~                                                                                                                                                                     [20;1H~                                                                                                                                                                     [21;1H~                                                                                                                                                                     [22;1H~                                                                                                                                                                     [23;1H~                                                                                                                                                                     [24;1H~                                                                                                                                                                     [25;1H~                                                                                                                                                                     [26;1H~                                                                                                                                                                     [27;1H~                                                                                                                                                                     [28;1H~                                                                                                                                                                     [29;1H~                                                                                                                                                                     [30;1H~                                                                                                                                                                     [31;1H~                                                                                                                                                                     [32;1H~                                                                                                                                                                     [33;1H~                                                                                                                                                                     [34;1H~                                                                                                                                                                     [35;1H~                                                                                                                                                                     [36;1H~                                                                                                                                                                     [37;1H~                                                                                                                                                                     [38;1H~                                                                                                                                                                     [39;1H~                                                                                                                                                                     [40;1H~                                                                                                                                                                     [41;1H~                                                                                                                                                                     [42;1H~                                                                                                                                                                     [43;1H~                                                                                                                                                                     [44;1H~                                                                                                                                                                     [45;1H~                                                                                                                                                                     [46;1H~                                                                                                                                                                     [47;1H~                                                                                                                                                                     [m[48;149H1,1[11CAll[1;1H[?12l[?25hP+q436f\P+q6b75\P+q6b64\P+q6b72\P+q6b6c\P+q2332\P+q2334\P+q2569\P+q2a37\P+q6b31\[?25l[48;1H[K[48;1H:[?12l[?25hq[?25l[?12l[?25h[?25l[48;1H[K[48;1H[?1l>[?12l[?25h[?1049l>mysh ^C
[zihao@mumble-03] (84)$ make
cc     mysh.c   -o mysh
[zihao@mumble-03] (85)$ make./mysh ls[Krm 1.out\& [4P./mysh[C[3Pmake./mysh [3Pmake./mysh [3Pmake./mysh scriptmake[K./mysh [3Pmakekaeake./mysh [3Pmake./mysh script[K[3Pmake./mysh scriptmake[K./mysh [3Pmakekaeakekaeake./mysh [3Pmake./mysh [3Pmake~cs537-2/ta/tests/2a/runtests [C[C[C[C[C[C[C[C[C[C[C[C[C[C[C[C[C[C[C[C[C[C[C[C[16P./mysh script[Cmake[K./mysh script make[K./mysh script [16@~cs537-2/ta/tests/2a/runtests[C[C[C[C[C[C[C[C[C[C[C[C[C[C[C[C[C[C[C[C[C[C[C[C[Cmake[K~cs537-2/ta/tests/2a/runtests 

**********************************************************************

Test build
build project using make

**********************************************************************
Trying to clean project using make clean
make clean
rm -f core *.o mysh
Trying to build project using make
make
cc     mysh.c   -o mysh


test build PASSED
 (build project using make)


**********************************************************************

Test basic
run a single command with no arguments

**********************************************************************
/tmp/tmpFPFyVC/p/./mysh /u/c/s/cs537-2/ta/tests/2a/basic/in
Failure: ./mysh gave incorrect standard output.
Expected: "/bin/uname\nLinux\n"
Got:      "/bin/uname\nredirect? 0, background? 0\nLinux\n"


test basic FAILED
 (run a single command with no arguments)
 ./mysh gave incorrect standard output.

Skipped 33 tests.
To keep testing after failing a test, use flag '-c' or '--continue'
[zihao@mumble-03] (86)$ claer
bash: claer: command not found
[zihao@mumble-03] (87)$ claer[K[K[K[K[Kclear
[H[2J[zihao@mumble-03] (88)$ clearaer~cs537-2/ta/tests/2a/runtests 

**********************************************************************

Test build
build project using make

**********************************************************************
Trying to clean project using make clean
make clean
rm -f core *.o mysh
Trying to build project using make
make
cc     mysh.c   -o mysh


test build PASSED
 (build project using make)


**********************************************************************

Test basic
run a single command with no arguments

**********************************************************************
/tmp/tmpCTVeYw/p/./mysh /u/c/s/cs537-2/ta/tests/2a/basic/in


test basic PASSED
 (run a single command with no arguments)


**********************************************************************

Test blank
an empty batch file

**********************************************************************
/tmp/tmpCTVeYw/p/./mysh /u/c/s/cs537-2/ta/tests/2a/blank/in


test blank PASSED
 (an empty batch file)


**********************************************************************

Test multiline
two single line commands

**********************************************************************
/tmp/tmpCTVeYw/p/./mysh /u/c/s/cs537-2/ta/tests/2a/multiline/in


test multiline PASSED
 (two single line commands)


**********************************************************************

Test parseargs
a command with an argument

**********************************************************************
/tmp/tmpCTVeYw/p/./mysh /u/c/s/cs537-2/ta/tests/2a/parseargs/in


test parseargs PASSED
 (a command with an argument)


**********************************************************************

Test parseargs2
a command with many arguments

**********************************************************************
/tmp/tmpCTVeYw/p/./mysh /u/c/s/cs537-2/ta/tests/2a/parseargs2/in


test parseargs2 PASSED
 (a command with many arguments)


**********************************************************************

Test parseargs3
successfully parse indirection and background symbols

**********************************************************************
/tmp/tmpCTVeYw/p/./mysh /u/c/s/cs537-2/ta/tests/2a/parseargs3/in


test parseargs3 PASSED
 (successfully parse indirection and background symbols)


**********************************************************************

Test exit
the builtin exit command

**********************************************************************
/tmp/tmpCTVeYw/p/./mysh /u/c/s/cs537-2/ta/tests/2a/exit/in


test exit PASSED
 (the builtin exit command)


**********************************************************************

Test pwd
the builtin pwd command

**********************************************************************
/tmp/tmpCTVeYw/p/./mysh /u/c/s/cs537-2/ta/tests/2a/pwd/in


test pwd PASSED
 (the builtin pwd command)


**********************************************************************

Test cd
cd with argument

**********************************************************************
/tmp/tmpCTVeYw/p/./mysh /u/c/s/cs537-2/ta/tests/2a/cd/in


test cd PASSED
 (cd with argument)


**********************************************************************

Test cd2
cd without argument

**********************************************************************
/tmp/tmpCTVeYw/p/./mysh /u/c/s/cs537-2/ta/tests/2a/cd2/in


test cd2 PASSED
 (cd without argument)


**********************************************************************

Test whitespace
serveral commands with extra whitespace

**********************************************************************
/tmp/tmpCTVeYw/p/./mysh /u/c/s/cs537-2/ta/tests/2a/whitespace/in


test whitespace PASSED
 (serveral commands with extra whitespace)


**********************************************************************

Test whitespace2
builtin commands with extra whitespace

**********************************************************************
/tmp/tmpCTVeYw/p/./mysh /u/c/s/cs537-2/ta/tests/2a/whitespace2/in


test whitespace2 PASSED
 (builtin commands with extra whitespace)


**********************************************************************

Test args
too many arguments to mysh

**********************************************************************
/tmp/tmpCTVeYw/p/./mysh /u/c/s/cs537-2/ta/tests/2a/args/in /bogus
Failure: ./mysh returned incorrect status code. Expected 1 got 0


test args FAILED
 (too many arguments to mysh)
 ./mysh returned incorrect status code. Expected 1 got 0

Skipped 21 tests.
To keep testing after failing a test, use flag '-c' or '--continue'
[zihao@mumble-03] (89)$ ~cs537-2/ta/tests/2a/runtests [C[C[C[C[C[C[C[C[C[C[C[C[C[C[C[C[C[C[C[C[C[C[C[Cclear[K~cs537-2/ta/tests/2a/runtests 

**********************************************************************

Test build
build project using make

**********************************************************************
Trying to clean project using make clean
make clean
rm -f core *.o mysh
Trying to build project using make
make
cc     mysh.c   -o mysh


test build PASSED
 (build project using make)


**********************************************************************

Test basic
run a single command with no arguments

**********************************************************************
/tmp/tmpEE85HM/p/./mysh /u/c/s/cs537-2/ta/tests/2a/basic/in


test basic PASSED
 (run a single command with no arguments)


**********************************************************************

Test blank
an empty batch file

**********************************************************************
/tmp/tmpEE85HM/p/./mysh /u/c/s/cs537-2/ta/tests/2a/blank/in


test blank PASSED
 (an empty batch file)


**********************************************************************

Test multiline
two single line commands

**********************************************************************
/tmp/tmpEE85HM/p/./mysh /u/c/s/cs537-2/ta/tests/2a/multiline/in


test multiline PASSED
 (two single line commands)


**********************************************************************

Test parseargs
a command with an argument

**********************************************************************
/tmp/tmpEE85HM/p/./mysh /u/c/s/cs537-2/ta/tests/2a/parseargs/in


test parseargs PASSED
 (a command with an argument)


**********************************************************************

Test parseargs2
a command with many arguments

**********************************************************************
/tmp/tmpEE85HM/p/./mysh /u/c/s/cs537-2/ta/tests/2a/parseargs2/in


test parseargs2 PASSED
 (a command with many arguments)


**********************************************************************

Test parseargs3
successfully parse indirection and background symbols

**********************************************************************
/tmp/tmpEE85HM/p/./mysh /u/c/s/cs537-2/ta/tests/2a/parseargs3/in


test parseargs3 PASSED
 (successfully parse indirection and background symbols)


**********************************************************************

Test exit
the builtin exit command

**********************************************************************
/tmp/tmpEE85HM/p/./mysh /u/c/s/cs537-2/ta/tests/2a/exit/in


test exit PASSED
 (the builtin exit command)


**********************************************************************

Test pwd
the builtin pwd command

**********************************************************************
/tmp/tmpEE85HM/p/./mysh /u/c/s/cs537-2/ta/tests/2a/pwd/in


test pwd PASSED
 (the builtin pwd command)


**********************************************************************

Test cd
cd with argument

**********************************************************************
/tmp/tmpEE85HM/p/./mysh /u/c/s/cs537-2/ta/tests/2a/cd/in


test cd PASSED
 (cd with argument)


**********************************************************************

Test cd2
cd without argument

**********************************************************************
/tmp/tmpEE85HM/p/./mysh /u/c/s/cs537-2/ta/tests/2a/cd2/in


test cd2 PASSED
 (cd without argument)


**********************************************************************

Test whitespace
serveral commands with extra whitespace

**********************************************************************
/tmp/tmpEE85HM/p/./mysh /u/c/s/cs537-2/ta/tests/2a/whitespace/in


test whitespace PASSED
 (serveral commands with extra whitespace)


**********************************************************************

Test whitespace2
builtin commands with extra whitespace

**********************************************************************
/tmp/tmpEE85HM/p/./mysh /u/c/s/cs537-2/ta/tests/2a/whitespace2/in


test whitespace2 PASSED
 (builtin commands with extra whitespace)


**********************************************************************

Test args
too many arguments to mysh

**********************************************************************
/tmp/tmpEE85HM/p/./mysh /u/c/s/cs537-2/ta/tests/2a/args/in /bogus
Failure: ./mysh returned incorrect status code. Expected 1 got 0


test args FAILED
 (too many arguments to mysh)
 ./mysh returned incorrect status code. Expected 1 got 0

Skipped 21 tests.
To keep testing after failing a test, use flag '-c' or '--continue'
[zihao@mumble-03] (90)$ ~cs537-2/ta/tests/2a/runtests 

**********************************************************************

Test build
build project using make

**********************************************************************
Trying to clean project using make clean
make clean
rm -f core *.o mysh
Trying to build project using make
make
cc     mysh.c   -o mysh


test build PASSED
 (build project using make)


**********************************************************************

Test basic
run a single command with no arguments

**********************************************************************
/tmp/tmpJdzLj8/p/./mysh /u/c/s/cs537-2/ta/tests/2a/basic/in


test basic PASSED
 (run a single command with no arguments)


**********************************************************************

Test blank
an empty batch file

**********************************************************************
/tmp/tmpJdzLj8/p/./mysh /u/c/s/cs537-2/ta/tests/2a/blank/in


test blank PASSED
 (an empty batch file)


**********************************************************************

Test multiline
two single line commands

**********************************************************************
/tmp/tmpJdzLj8/p/./mysh /u/c/s/cs537-2/ta/tests/2a/multiline/in


test multiline PASSED
 (two single line commands)


**********************************************************************

Test parseargs
a command with an argument

**********************************************************************
/tmp/tmpJdzLj8/p/./mysh /u/c/s/cs537-2/ta/tests/2a/parseargs/in


test parseargs PASSED
 (a command with an argument)


**********************************************************************

Test parseargs2
a command with many arguments

**********************************************************************
/tmp/tmpJdzLj8/p/./mysh /u/c/s/cs537-2/ta/tests/2a/parseargs2/in


test parseargs2 PASSED
 (a command with many arguments)


**********************************************************************

Test parseargs3
successfully parse indirection and background symbols

**********************************************************************
/tmp/tmpJdzLj8/p/./mysh /u/c/s/cs537-2/ta/tests/2a/parseargs3/in


test parseargs3 PASSED
 (successfully parse indirection and background symbols)


**********************************************************************

Test exit
the builtin exit command

**********************************************************************
/tmp/tmpJdzLj8/p/./mysh /u/c/s/cs537-2/ta/tests/2a/exit/in


test exit PASSED
 (the builtin exit command)


**********************************************************************

Test pwd
the builtin pwd command

**********************************************************************
/tmp/tmpJdzLj8/p/./mysh /u/c/s/cs537-2/ta/tests/2a/pwd/in


test pwd PASSED
 (the builtin pwd command)


**********************************************************************

Test cd
cd with argument

**********************************************************************
/tmp/tmpJdzLj8/p/./mysh /u/c/s/cs537-2/ta/tests/2a/cd/in


test cd PASSED
 (cd with argument)


**********************************************************************

Test cd2
cd without argument

**********************************************************************
/tmp/tmpJdzLj8/p/./mysh /u/c/s/cs537-2/ta/tests/2a/cd2/in


test cd2 PASSED
 (cd without argument)


**********************************************************************

Test whitespace
serveral commands with extra whitespace

**********************************************************************
/tmp/tmpJdzLj8/p/./mysh /u/c/s/cs537-2/ta/tests/2a/whitespace/in


test whitespace PASSED
 (serveral commands with extra whitespace)


**********************************************************************

Test whitespace2
builtin commands with extra whitespace

**********************************************************************
/tmp/tmpJdzLj8/p/./mysh /u/c/s/cs537-2/ta/tests/2a/whitespace2/in


test whitespace2 PASSED
 (builtin commands with extra whitespace)


**********************************************************************

Test args
too many arguments to mysh

**********************************************************************
/tmp/tmpJdzLj8/p/./mysh /u/c/s/cs537-2/ta/tests/2a/args/in /bogus


test args PASSED
 (too many arguments to mysh)


**********************************************************************

Test args2
invalid batch file path

**********************************************************************
/tmp/tmpJdzLj8/p/./mysh /bogus
Failure: ./mysh returned incorrect status code. Expected 1 got -11


test args2 FAILED
 (invalid batch file path)
 ./mysh returned incorrect status code. Expected 1 got -11

Skipped 20 tests.
To keep testing after failing a test, use flag '-c' or '--continue'
[zihao@mumble-03] (91)$ ~cs537-2/ta/tests/2a/runtests 

**********************************************************************

Test build
build project using make

**********************************************************************
Trying to clean project using make clean
make clean
rm -f core *.o mysh
Trying to build project using make
make
cc     mysh.c   -o mysh


test build PASSED
 (build project using make)


**********************************************************************

Test basic
run a single command with no arguments

**********************************************************************
/tmp/tmpy1bM_K/p/./mysh /u/c/s/cs537-2/ta/tests/2a/basic/in


test basic PASSED
 (run a single command with no arguments)


**********************************************************************

Test blank
an empty batch file

**********************************************************************
/tmp/tmpy1bM_K/p/./mysh /u/c/s/cs537-2/ta/tests/2a/blank/in


test blank PASSED
 (an empty batch file)


**********************************************************************

Test multiline
two single line commands

**********************************************************************
/tmp/tmpy1bM_K/p/./mysh /u/c/s/cs537-2/ta/tests/2a/multiline/in


test multiline PASSED
 (two single line commands)


**********************************************************************

Test parseargs
a command with an argument

**********************************************************************
/tmp/tmpy1bM_K/p/./mysh /u/c/s/cs537-2/ta/tests/2a/parseargs/in


test parseargs PASSED
 (a command with an argument)


**********************************************************************

Test parseargs2
a command with many arguments

**********************************************************************
/tmp/tmpy1bM_K/p/./mysh /u/c/s/cs537-2/ta/tests/2a/parseargs2/in


test parseargs2 PASSED
 (a command with many arguments)


**********************************************************************

Test parseargs3
successfully parse indirection and background symbols

**********************************************************************
/tmp/tmpy1bM_K/p/./mysh /u/c/s/cs537-2/ta/tests/2a/parseargs3/in


test parseargs3 PASSED
 (successfully parse indirection and background symbols)


**********************************************************************

Test exit
the builtin exit command

**********************************************************************
/tmp/tmpy1bM_K/p/./mysh /u/c/s/cs537-2/ta/tests/2a/exit/in


test exit PASSED
 (the builtin exit command)


**********************************************************************

Test pwd
the builtin pwd command

**********************************************************************
/tmp/tmpy1bM_K/p/./mysh /u/c/s/cs537-2/ta/tests/2a/pwd/in


test pwd PASSED
 (the builtin pwd command)


**********************************************************************

Test cd
cd with argument

**********************************************************************
/tmp/tmpy1bM_K/p/./mysh /u/c/s/cs537-2/ta/tests/2a/cd/in


test cd PASSED
 (cd with argument)


**********************************************************************

Test cd2
cd without argument

**********************************************************************
/tmp/tmpy1bM_K/p/./mysh /u/c/s/cs537-2/ta/tests/2a/cd2/in


test cd2 PASSED
 (cd without argument)


**********************************************************************

Test whitespace
serveral commands with extra whitespace

**********************************************************************
/tmp/tmpy1bM_K/p/./mysh /u/c/s/cs537-2/ta/tests/2a/whitespace/in


test whitespace PASSED
 (serveral commands with extra whitespace)


**********************************************************************

Test whitespace2
builtin commands with extra whitespace

**********************************************************************
/tmp/tmpy1bM_K/p/./mysh /u/c/s/cs537-2/ta/tests/2a/whitespace2/in


test whitespace2 PASSED
 (builtin commands with extra whitespace)


**********************************************************************

Test args
too many arguments to mysh

**********************************************************************
/tmp/tmpy1bM_K/p/./mysh /u/c/s/cs537-2/ta/tests/2a/args/in /bogus


test args PASSED
 (too many arguments to mysh)


**********************************************************************

Test args2
invalid batch file path

**********************************************************************
/tmp/tmpy1bM_K/p/./mysh /bogus
Failure: ./mysh gave incorrect standard error.
Expected: "An error has occurred\n"
Got:      ""


test args2 FAILED
 (invalid batch file path)
 ./mysh gave incorrect standard error.

Skipped 20 tests.
To keep testing after failing a test, use flag '-c' or '--continue'
[zihao@mumble-03] (92)$ ~cs537-2/ta/tests/2a/runtests 

**********************************************************************

Test build
build project using make

**********************************************************************
Trying to clean project using make clean
make clean
rm -f core *.o mysh
Trying to build project using make
make
cc     mysh.c   -o mysh


test build PASSED
 (build project using make)


**********************************************************************

Test basic
run a single command with no arguments

**********************************************************************
/tmp/tmpXtNb2H/p/./mysh /u/c/s/cs537-2/ta/tests/2a/basic/in


test basic PASSED
 (run a single command with no arguments)


**********************************************************************

Test blank
an empty batch file

**********************************************************************
/tmp/tmpXtNb2H/p/./mysh /u/c/s/cs537-2/ta/tests/2a/blank/in


test blank PASSED
 (an empty batch file)


**********************************************************************

Test multiline
two single line commands

**********************************************************************
/tmp/tmpXtNb2H/p/./mysh /u/c/s/cs537-2/ta/tests/2a/multiline/in


test multiline PASSED
 (two single line commands)


**********************************************************************

Test parseargs
a command with an argument

**********************************************************************
/tmp/tmpXtNb2H/p/./mysh /u/c/s/cs537-2/ta/tests/2a/parseargs/in


test parseargs PASSED
 (a command with an argument)


**********************************************************************

Test parseargs2
a command with many arguments

**********************************************************************
/tmp/tmpXtNb2H/p/./mysh /u/c/s/cs537-2/ta/tests/2a/parseargs2/in


test parseargs2 PASSED
 (a command with many arguments)


**********************************************************************

Test parseargs3
successfully parse indirection and background symbols

**********************************************************************
/tmp/tmpXtNb2H/p/./mysh /u/c/s/cs537-2/ta/tests/2a/parseargs3/in


test parseargs3 PASSED
 (successfully parse indirection and background symbols)


**********************************************************************

Test exit
the builtin exit command

**********************************************************************
/tmp/tmpXtNb2H/p/./mysh /u/c/s/cs537-2/ta/tests/2a/exit/in


test exit PASSED
 (the builtin exit command)


**********************************************************************

Test pwd
the builtin pwd command

**********************************************************************
/tmp/tmpXtNb2H/p/./mysh /u/c/s/cs537-2/ta/tests/2a/pwd/in


test pwd PASSED
 (the builtin pwd command)


**********************************************************************

Test cd
cd with argument

**********************************************************************
/tmp/tmpXtNb2H/p/./mysh /u/c/s/cs537-2/ta/tests/2a/cd/in


test cd PASSED
 (cd with argument)


**********************************************************************

Test cd2
cd without argument

**********************************************************************
/tmp/tmpXtNb2H/p/./mysh /u/c/s/cs537-2/ta/tests/2a/cd2/in


test cd2 PASSED
 (cd without argument)


**********************************************************************

Test whitespace
serveral commands with extra whitespace

**********************************************************************
/tmp/tmpXtNb2H/p/./mysh /u/c/s/cs537-2/ta/tests/2a/whitespace/in


test whitespace PASSED
 (serveral commands with extra whitespace)


**********************************************************************

Test whitespace2
builtin commands with extra whitespace

**********************************************************************
/tmp/tmpXtNb2H/p/./mysh /u/c/s/cs537-2/ta/tests/2a/whitespace2/in


test whitespace2 PASSED
 (builtin commands with extra whitespace)


**********************************************************************

Test args
too many arguments to mysh

**********************************************************************
/tmp/tmpXtNb2H/p/./mysh /u/c/s/cs537-2/ta/tests/2a/args/in /bogus


test args PASSED
 (too many arguments to mysh)


**********************************************************************

Test args2
invalid batch file path

**********************************************************************
/tmp/tmpXtNb2H/p/./mysh /bogus


test args2 PASSED
 (invalid batch file path)


**********************************************************************

Test longline
maximum length line

**********************************************************************
/tmp/tmpXtNb2H/p/./mysh /u/c/s/cs537-2/ta/tests/2a/longline/in
Failure: ./mysh gave incorrect standard output.
Expected: "echo 000011111111112222222222333333333344444444445555555555666666666677777777778888888888999999999900000000001111111111222222222233333333334444444444555555555566666666667777777777888888888899999999990000000000111111111122222222223333333333444444444455555555556666666666777777777788888888889999999999000000000011111111112222222222333333333344444444445555555555666666666677777777778888888888999999999900000000001111111111222222222233333333334444444444555555555566666666667777777777888888888899999999990000000000512\n000011111111112222222222333333333344444444445555555555666666666677777777778888888888999999999900000000001111111111222222222233333333334444444444555555555566666666667777777777888888888899999999990000000000111111111122222222223333333333444444444455555555556666666666777777777788888888889999999999000000000011111111112222222222333333333344444444445555555555666666666677777777778888888888999999999900000000001111111111222222222233333333334444444444555555555566666666667777777777888888888899999999990000000000512\nuname\nLinux\n"
Got:      "echo 000011111111112222222222333333333344444444445555555555666666666677777777778888888888999999999900000000001111111111222222222233333333334444444444555555555566666666667777777777888888888899999999990000000000111111111122222222223333333333444444444455555555556666666666777777777788888888889999999999000000000011111111112222222222333333333344444444445555555555666666666677777777778888888888999999999900000000001111111111222222222233333333334444444444555555555566666666667777777777888888888899999999990000000000512\nuname\nLinux\n"


test longline FAILED
 (maximum length line)
 ./mysh gave incorrect standard output.

Skipped 19 tests.
To keep testing after failing a test, use flag '-c' or '--continue'
[zihao@mumble-03] (93)$ cp ~cs536[K7/[K-2/
handin/    homeworks/ private/   projects/  public/    ta/        testing/   
[zihao@mumble-03] (93)$ cp ~cs537-2/ta/tests/2a/longline/in .
[zihao@mumble-03] (94)$ ls
[0m[01;32m1.out[0m*  [01;34mc[0m/  [01;32mhello[0m*  hello.py  in  [01;32mll[0m*  makefile  [01;32mmysh[0m*  mysh.c  mysh.c~  runtests.log  script  typescript
[m[zihao@mumble-03] (95)$ .m[K/mysh in
echo 000011111111112222222222333333333344444444445555555555666666666677777777778888888888999999999900000000001111111111222222222233333333334444444444555555555566666666667777777777888888888899999999990000000000111111111122222222223333333333444444444455555555556666666666777777777788888888889999999999000000000011111111112222222222333333333344444444445555555555666666666677777777778888888888999999999900000000001111111111222222222233333333334444444444555555555566666666667777777777888888888899999999990000000000512
An error has occurred
uname
redirect? 0, background? 0
Linux
[zihao@mumble-03] (96)$ mkae
bash: mkae: command not found
[zihao@mumble-03] (97)$ makle[K[Ke
cc     mysh.c   -o mysh
[zihao@mumble-03] (98)$ makekae./mysh in
echo 000011111111112222222222333333333344444444445555555555666666666677777777778888888888999999999900000000001111111111222222222233333333334444444444555555555566666666667777777777888888888899999999990000000000111111111122222222223333333333444444444455555555556666666666777777777788888888889999999999000000000011111111112222222222333333333344444444445555555555666666666677777777778888888888999999999900000000001111111111222222222233333333334444444444555555555566666666667777777777888888888899999999990000000000512
An error has occurred
uname
Linux
[zihao@mumble-03] (99)$ make
cc     mysh.c   -o mysh
[zihao@mumble-03] (100)$ ./mysh in
echo 000011111111112222222222333333333344444444445555555555666666666677777777778888888888999999999900000000001111111111222222222233333333334444444444555555555566666666667777777777888888888899999999990000000000111111111122222222223333333333444444444455555555556666666666777777777788888888889999999999000000000011111111112222222222333333333344444444445555555555666666666677777777778888888888999999999900000000001111111111222222222233333333334444444444555555555566666666667777777777888888888899999999990000000000512
An error has occurred
uname
Linux
[zihao@mumble-03] (101)$ amke
bash: amke: command not found
[zihao@mumble-03] (102)$ make
cc     mysh.c   -o mysh
[zihao@mumble-03] (103)$ ./makeamke./mysh in
echo 000011111111112222222222333333333344444444445555555555666666666677777777778888888888999999999900000000001111111111222222222233333333334444444444555555555566666666667777777777888888888899999999990000000000111111111122222222223333333333444444444455555555556666666666777777777788888888889999999999000000000011111111112222222222333333333344444444445555555555666666666677777777778888888888999999999900000000001111111111222222222233333333334444444444555555555566666666667777777777888888888899999999990000000000512
An error has occurred
uname
Linux
[zihao@mumble-03] (104)$ clear\[K
[H[2J[zihao@mumble-03] (105)$ mal[Kke
cc     mysh.c   -o mysh
[zihao@mumble-03] (106)$ ./mysh [3Pmakeclear./mysh in
echo 000011111111112222222222333333333344444444445555555555666666666677777777778888888888999999999900000000001111111111222222222233333333334444444444555555555566666666667777777777888888888899999999990000000000111111111122222222223333333333444444444455555555556666666666777777777788888888889999999999000000000011111111112222222222333333333344444444445555555555666666666677777777778888888888999999999900000000001111111111222222222233333333334444444444555555555566666666667777777777888888888899999999990000000000512
An error has occurred
uname
uname
Linux
[zihao@mumble-03] (107)$ ./mysh in[5Pmake
cc     mysh.c   -o mysh
[zihao@mumble-03] (108)$ make./mysh in
echo 000011111111112222222222333333333344444444445555555555666666666677777777778888888888999999999900000000001111111111222222222233333333334444444444555555555566666666667777777777888888888899999999990000000000111111111122222222223333333333444444444455555555556666666666777777777788888888889999999999000000000011111111112222222222333333333344444444445555555555666666666677777777778888888888999999999900000000001111111111222222222233333333334444444444555555555566666666667777777777888888888899999999990000000000512
An error has occurred
uname
uname
Linux
[zihao@mumble-03] (109)$ mkaew
bash: mkaew: command not found
[zihao@mumble-03] (110)$ make
cc     mysh.c   -o mysh
mysh.c: In function â€˜runCommandâ€™:
mysh.c:113: error: redeclaration of â€˜iâ€™ with no linkage
mysh.c:105: note: previous definition of â€˜iâ€™ was here
make: *** [mysh] Error 1
[zihao@mumble-03] (111)$ .[Kmake
cc     mysh.c   -o mysh
mysh.c: In function â€˜runCommandâ€™:
mysh.c:113: error: redeclaration of â€˜iâ€™ with no linkage
mysh.c:105: note: previous declaration of â€˜iâ€™ was here
make: *** [mysh] Error 1
[zihao@mumble-03] (112)$ makekaew[1Pake
cc     mysh.c   -o mysh
[zihao@mumble-03] (113)$ ./sr[K[Kmysh in
echo 000011111111112222222222333333333344444444445555555555666666666677777777778888888888999999999900000000001111111111222222222233333333334444444444555555555566666666667777777777888888888899999999990000000000111111111122222222223333333333444444444455555555556666666666777777777788888888889999999999000000000011111111112222222222333333333344444444445555555555666666666677777777778888888888999999999900000000001111111111222222222233333333334444444444555555555566666666667777777777888888888899999999990000000000512
An error has occurred
uname
args: uname
Linux
[zihao@mumble-03] (114)$ make
cc     mysh.c   -o mysh
[zihao@mumble-03] (115)$ ./mysh in
echo 000011111111112222222222333333333344444444445555555555666666666677777777778888888888999999999900000000001111111111222222222233333333334444444444555555555566666666667777777777888888888899999999990000000000111111111122222222223333333333444444444455555555556666666666777777777788888888889999999999000000000011111111112222222222333333333344444444445555555555666666666677777777778888888888999999999900000000001111111111222222222233333333334444444444555555555566666666667777777777888888888899999999990000000000512
An error has occurred
uname
HERE!
Linux
[zihao@mumble-03] (116)$ ./mysh in[5Pmake./mysh in[5Pmakekaew./mysh in[5Pmake./mysh in[5Pmakeclear./mysh in[5Pmakeamke./mysh in[5Pmake./mysh in[5Pmakekae./mysh inls[Kcp ~cs537-2/ta/tests/2a/longline/in .[C[C[C[C[C[C[C[C[C[C[C[C[C[C[C[C[C[C[C[C[C[C[C[C[C[7P~cs537-2/ta/tests/2a/runtests [C[C[C[C[C[C[C[C[C[C[C[C[C[C[C[C[C[C[C[C[C[C[C[C[Cclear[K~cs537-2/ta/tests/2a/runtests [C[C[C[C[C[C[C[C[C[C[C[C[C[C[C[C[C[C[C[C[C[C[C[C[Ccp ~cs537-2/ta/tests/2a/longline/in .[C[C[C[C[C[C[C[C[C[C[C[C[C[C[C[C[C[C[C[C[C[C[C[C[C[7P~cs537-2/ta/tests/2a/runtests 

**********************************************************************

Test build
build project using make

**********************************************************************
Trying to clean project using make clean
make clean
rm -f core *.o mysh
Trying to build project using make
make
cc     mysh.c   -o mysh


test build PASSED
 (build project using make)


**********************************************************************

Test basic
run a single command with no arguments

**********************************************************************
/tmp/tmpr6Ui_v/p/./mysh /u/c/s/cs537-2/ta/tests/2a/basic/in


test basic PASSED
 (run a single command with no arguments)


**********************************************************************

Test blank
an empty batch file

**********************************************************************
/tmp/tmpr6Ui_v/p/./mysh /u/c/s/cs537-2/ta/tests/2a/blank/in


test blank PASSED
 (an empty batch file)


**********************************************************************

Test multiline
two single line commands

**********************************************************************
/tmp/tmpr6Ui_v/p/./mysh /u/c/s/cs537-2/ta/tests/2a/multiline/in


test multiline PASSED
 (two single line commands)


**********************************************************************

Test parseargs
a command with an argument

**********************************************************************
/tmp/tmpr6Ui_v/p/./mysh /u/c/s/cs537-2/ta/tests/2a/parseargs/in


test parseargs PASSED
 (a command with an argument)


**********************************************************************

Test parseargs2
a command with many arguments

**********************************************************************
/tmp/tmpr6Ui_v/p/./mysh /u/c/s/cs537-2/ta/tests/2a/parseargs2/in


test parseargs2 PASSED
 (a command with many arguments)


**********************************************************************

Test parseargs3
successfully parse indirection and background symbols

**********************************************************************
/tmp/tmpr6Ui_v/p/./mysh /u/c/s/cs537-2/ta/tests/2a/parseargs3/in


test parseargs3 PASSED
 (successfully parse indirection and background symbols)


**********************************************************************

Test exit
the builtin exit command

**********************************************************************
/tmp/tmpr6Ui_v/p/./mysh /u/c/s/cs537-2/ta/tests/2a/exit/in


test exit PASSED
 (the builtin exit command)


**********************************************************************

Test pwd
the builtin pwd command

**********************************************************************
/tmp/tmpr6Ui_v/p/./mysh /u/c/s/cs537-2/ta/tests/2a/pwd/in


test pwd PASSED
 (the builtin pwd command)


**********************************************************************

Test cd
cd with argument

**********************************************************************
/tmp/tmpr6Ui_v/p/./mysh /u/c/s/cs537-2/ta/tests/2a/cd/in


test cd PASSED
 (cd with argument)


**********************************************************************

Test cd2
cd without argument

**********************************************************************
/tmp/tmpr6Ui_v/p/./mysh /u/c/s/cs537-2/ta/tests/2a/cd2/in


test cd2 PASSED
 (cd without argument)


**********************************************************************

Test whitespace
serveral commands with extra whitespace

**********************************************************************
/tmp/tmpr6Ui_v/p/./mysh /u/c/s/cs537-2/ta/tests/2a/whitespace/in


test whitespace PASSED
 (serveral commands with extra whitespace)


**********************************************************************

Test whitespace2
builtin commands with extra whitespace

**********************************************************************
/tmp/tmpr6Ui_v/p/./mysh /u/c/s/cs537-2/ta/tests/2a/whitespace2/in


test whitespace2 PASSED
 (builtin commands with extra whitespace)


**********************************************************************

Test args
too many arguments to mysh

**********************************************************************
/tmp/tmpr6Ui_v/p/./mysh /u/c/s/cs537-2/ta/tests/2a/args/in /bogus


test args PASSED
 (too many arguments to mysh)


**********************************************************************

Test args2
invalid batch file path

**********************************************************************
/tmp/tmpr6Ui_v/p/./mysh /bogus


test args2 PASSED
 (invalid batch file path)


**********************************************************************

Test longline
maximum length line

**********************************************************************
/tmp/tmpr6Ui_v/p/./mysh /u/c/s/cs537-2/ta/tests/2a/longline/in
Failure: ./mysh gave incorrect standard output.
Expected: "echo 000011111111112222222222333333333344444444445555555555666666666677777777778888888888999999999900000000001111111111222222222233333333334444444444555555555566666666667777777777888888888899999999990000000000111111111122222222223333333333444444444455555555556666666666777777777788888888889999999999000000000011111111112222222222333333333344444444445555555555666666666677777777778888888888999999999900000000001111111111222222222233333333334444444444555555555566666666667777777777888888888899999999990000000000512\n000011111111112222222222333333333344444444445555555555666666666677777777778888888888999999999900000000001111111111222222222233333333334444444444555555555566666666667777777777888888888899999999990000000000111111111122222222223333333333444444444455555555556666666666777777777788888888889999999999000000000011111111112222222222333333333344444444445555555555666666666677777777778888888888999999999900000000001111111111222222222233333333334444444444555555555566666666667777777777888888888899999999990000000000512\nuname\nLinux\n"
Got:      "echo 000011111111112222222222333333333344444444445555555555666666666677777777778888888888999999999900000000001111111111222222222233333333334444444444555555555566666666667777777777888888888899999999990000000000111111111122222222223333333333444444444455555555556666666666777777777788888888889999999999000000000011111111112222222222333333333344444444445555555555666666666677777777778888888888999999999900000000001111111111222222222233333333334444444444555555555566666666667777777777888888888899999999990000000000512\nuname\nLinux\n"


test longline FAILED
 (maximum length line)
 ./mysh gave incorrect standard output.

Skipped 19 tests.
To keep testing after failing a test, use flag '-c' or '--continue'
[zihao@mumble-03] (117)$ ~cs537-2/ta/tests/2a/runtests [C[C[C[C[C[C[C[C[C[C[C[C[C[C[C[C[C[C[C[C[C[C[C[C[C./mysh in[K[5Pmake./mysh in
echo 000011111111112222222222333333333344444444445555555555666666666677777777778888888888999999999900000000001111111111222222222233333333334444444444555555555566666666667777777777888888888899999999990000000000111111111122222222223333333333444444444455555555556666666666777777777788888888889999999999000000000011111111112222222222333333333344444444445555555555666666666677777777778888888888999999999900000000001111111111222222222233333333334444444444555555555566666666667777777777888888888899999999990000000000512
An error has occurred
uname
HERE!
Linux
[zihao@mumble-03] (118)$ mkae
bash: mkae: command not found
[zihao@mumble-03] (119)$ make
cc     mysh.c   -o mysh
[zihao@mumble-03] (120)$ ./makekae./mysh in
line: echo 000011111111112222222222333333333344444444445555555555666666666677777777778888888888999999999900000000001111111111222222222233333333334444444444555555555566666666667777777777888888888899999999990000000000111111111122222222223333333333444444444455555555556666666666777777777788888888889999999999000000000011111111112222222222333333333344444444445555555555666666666677777777778888888888999999999900000000001111111111222222222233333333334444444444555555555566666666667777777777888888888899999999990000000000512

echo 000011111111112222222222333333333344444444445555555555666666666677777777778888888888999999999900000000001111111111222222222233333333334444444444555555555566666666667777777777888888888899999999990000000000111111111122222222223333333333444444444455555555556666666666777777777788888888889999999999000000000011111111112222222222333333333344444444445555555555666666666677777777778888888888999999999900000000001111111111222222222233333333334444444444555555555566666666667777777777888888888899999999990000000000512
An error has occurred
line: uname

uname
Linux
[zihao@mumble-03] (121)$ ./mysh in[5Pmake
cc     mysh.c   -o mysh
[zihao@mumble-03] (122)$ make./mysh in[5Pmake./mysh in
echo 000011111111112222222222333333333344444444445555555555666666666677777777778888888888999999999900000000001111111111222222222233333333334444444444555555555566666666667777777777888888888899999999990000000000111111111122222222223333333333444444444455555555556666666666777777777788888888889999999999000000000011111111112222222222333333333344444444445555555555666666666677777777778888888888999999999900000000001111111111222222222233333333334444444444555555555566666666667777777777888888888899999999990000000000512
An error has occurred
uname
HERE!Linux
[zihao@mumble-03] (123)$ ./mysh in[5Pmake
cc     mysh.c   -o mysh
[zihao@mumble-03] (124)$ make./mysh in
Segmentation fault (core dumped)
[zihao@mumble-03] (125)$ ./mysh in[5Pmake
cc     mysh.c   -o mysh
[zihao@mumble-03] (126)$ make./mysh in
line: echo 000011111111112222222222333333333344444444445555555555666666666677777777778888888888999999999900000000001111111111222222222233333333334444444444555555555566666666667777777777888888888899999999990000000000111111111122222222223333333333444444444455555555556666666666777777777788888888889999999999000000000011111111112222222222333333333344444444445555555555666666666677777777778888888888999999999900000000001111111111222222222233333333334444444444555555555566666666667777777777888888888899999999990000000000512
 513
echo 000011111111112222222222333333333344444444445555555555666666666677777777778888888888999999999900000000001111111111222222222233333333334444444444555555555566666666667777777777888888888899999999990000000000111111111122222222223333333333444444444455555555556666666666777777777788888888889999999999000000000011111111112222222222333333333344444444445555555555666666666677777777778888888888999999999900000000001111111111222222222233333333334444444444555555555566666666667777777777888888888899999999990000000000512
An error has occurred
line: uname
 6
uname
Linux
[zihao@mumble-03] (127)$ ./mysh in[5Pmake
cc     mysh.c   -o mysh
[zihao@mumble-03] (128)$ make./mysh in
echo 000011111111112222222222333333333344444444445555555555666666666677777777778888888888999999999900000000001111111111222222222233333333334444444444555555555566666666667777777777888888888899999999990000000000111111111122222222223333333333444444444455555555556666666666777777777788888888889999999999000000000011111111112222222222333333333344444444445555555555666666666677777777778888888888999999999900000000001111111111222222222233333333334444444444555555555566666666667777777777888888888899999999990000000000512
000011111111112222222222333333333344444444445555555555666666666677777777778888888888999999999900000000001111111111222222222233333333334444444444555555555566666666667777777777888888888899999999990000000000111111111122222222223333333333444444444455555555556666666666777777777788888888889999999999000000000011111111112222222222333333333344444444445555555555666666666677777777778888888888999999999900000000001111111111222222222233333333334444444444555555555566666666667777777777888888888899999999990000000000512
uname
Linux
[zihao@mumble-03] (129)$ ./mysh in[5Pmake./mysh in[5Pmake./mysh in[5Pmake./mysh in[5Pmake./mysh in[5Pmakekae./mysh in~cs537-2/ta/tests/2a/runtests [C[C[C[C[C[C[C[C[C[C[C[C[C[C[C[C[C[C[C[C[C[C[C[C[C./mysh in[K~cs537-2/ta/tests/2a/runtests 

**********************************************************************

Test build
build project using make

**********************************************************************
Trying to clean project using make clean
make clean
rm -f core *.o mysh
Trying to build project using make
make
cc     mysh.c   -o mysh


test build PASSED
 (build project using make)


**********************************************************************

Test basic
run a single command with no arguments

**********************************************************************
/tmp/tmpDcnAHF/p/./mysh /u/c/s/cs537-2/ta/tests/2a/basic/in


test basic PASSED
 (run a single command with no arguments)


**********************************************************************

Test blank
an empty batch file

**********************************************************************
/tmp/tmpDcnAHF/p/./mysh /u/c/s/cs537-2/ta/tests/2a/blank/in


test blank PASSED
 (an empty batch file)


**********************************************************************

Test multiline
two single line commands

**********************************************************************
/tmp/tmpDcnAHF/p/./mysh /u/c/s/cs537-2/ta/tests/2a/multiline/in


test multiline PASSED
 (two single line commands)


**********************************************************************

Test parseargs
a command with an argument

**********************************************************************
/tmp/tmpDcnAHF/p/./mysh /u/c/s/cs537-2/ta/tests/2a/parseargs/in


test parseargs PASSED
 (a command with an argument)


**********************************************************************

Test parseargs2
a command with many arguments

**********************************************************************
/tmp/tmpDcnAHF/p/./mysh /u/c/s/cs537-2/ta/tests/2a/parseargs2/in


test parseargs2 PASSED
 (a command with many arguments)


**********************************************************************

Test parseargs3
successfully parse indirection and background symbols

**********************************************************************
/tmp/tmpDcnAHF/p/./mysh /u/c/s/cs537-2/ta/tests/2a/parseargs3/in


test parseargs3 PASSED
 (successfully parse indirection and background symbols)


**********************************************************************

Test exit
the builtin exit command

**********************************************************************
/tmp/tmpDcnAHF/p/./mysh /u/c/s/cs537-2/ta/tests/2a/exit/in


test exit PASSED
 (the builtin exit command)


**********************************************************************

Test pwd
the builtin pwd command

**********************************************************************
/tmp/tmpDcnAHF/p/./mysh /u/c/s/cs537-2/ta/tests/2a/pwd/in


test pwd PASSED
 (the builtin pwd command)


**********************************************************************

Test cd
cd with argument

**********************************************************************
/tmp/tmpDcnAHF/p/./mysh /u/c/s/cs537-2/ta/tests/2a/cd/in


test cd PASSED
 (cd with argument)


**********************************************************************

Test cd2
cd without argument

**********************************************************************
/tmp/tmpDcnAHF/p/./mysh /u/c/s/cs537-2/ta/tests/2a/cd2/in


test cd2 PASSED
 (cd without argument)


**********************************************************************

Test whitespace
serveral commands with extra whitespace

**********************************************************************
/tmp/tmpDcnAHF/p/./mysh /u/c/s/cs537-2/ta/tests/2a/whitespace/in


test whitespace PASSED
 (serveral commands with extra whitespace)


**********************************************************************

Test whitespace2
builtin commands with extra whitespace

**********************************************************************
/tmp/tmpDcnAHF/p/./mysh /u/c/s/cs537-2/ta/tests/2a/whitespace2/in


test whitespace2 PASSED
 (builtin commands with extra whitespace)


**********************************************************************

Test args
too many arguments to mysh

**********************************************************************
/tmp/tmpDcnAHF/p/./mysh /u/c/s/cs537-2/ta/tests/2a/args/in /bogus


test args PASSED
 (too many arguments to mysh)


**********************************************************************

Test args2
invalid batch file path

**********************************************************************
/tmp/tmpDcnAHF/p/./mysh /bogus


test args2 PASSED
 (invalid batch file path)


**********************************************************************

Test longline
maximum length line

**********************************************************************
/tmp/tmpDcnAHF/p/./mysh /u/c/s/cs537-2/ta/tests/2a/longline/in


test longline PASSED
 (maximum length line)


**********************************************************************

Test toolong
a line that is too long

**********************************************************************
/tmp/tmpDcnAHF/p/./mysh /u/c/s/cs537-2/ta/tests/2a/toolong/in


test toolong PASSED
 (a line that is too long)


**********************************************************************

Test badprog
bad executable path as command

**********************************************************************
/tmp/tmpDcnAHF/p/./mysh /u/c/s/cs537-2/ta/tests/2a/badprog/in


test badprog PASSED
 (bad executable path as command)


**********************************************************************

Test errout
a called program produces error output, but no errors from the shell itself

**********************************************************************
/tmp/tmpDcnAHF/p/./mysh /u/c/s/cs537-2/ta/tests/2a/errout/in


test errout PASSED
 (a called program produces error output, but no errors from the shell itself)


**********************************************************************

Test badcd
invalid path to cd

**********************************************************************
/tmp/tmpDcnAHF/p/./mysh /u/c/s/cs537-2/ta/tests/2a/badcd/in


test badcd PASSED
 (invalid path to cd)


**********************************************************************

Test badpwd
invalid arguments to pwd

**********************************************************************
/tmp/tmpDcnAHF/p/./mysh /u/c/s/cs537-2/ta/tests/2a/badpwd/in
Failure: ./mysh gave incorrect standard output.
Expected: "pwd /u\n"
Got:      "pwd /u\n/tmp/tmpDcnAHF/p\n"


test badpwd FAILED
 (invalid arguments to pwd)
 ./mysh gave incorrect standard output.

Skipped 14 tests.
To keep testing after failing a test, use flag '-c' or '--continue'
[zihao@mumble-03] (130)$ .matlab7rc.sh 
/s/std/bin/.matlab7rc.sh: line 161: /arch.sh: No such file or directory
[zihao@mumble-03] (131)$ .matlab7rc.sh [K[K[K[K[K[K[K[K[K[K[K[K[K[K./mysh 
>mysh pwd \u  \u
An error has occurred
/afs/cs.wisc.edu/u/z/i/zihao/private/CS537/P2/shell
>mysh ^[[A^C
[zihao@mumble-03] (132)$ make
cc     mysh.c   -o mysh
[zihao@mumble-03] (133)$ make./mysh 
>mysh pwd \u
An error has occurred
>mysh ^C
[zihao@mumble-03] (134)$ ./mysh [3Pmake./mysh [7@matlab7rc.[C[C[C[16@~cs537-2/ta/tests/2a/runtests[C

**********************************************************************

Test build
build project using make

**********************************************************************
Trying to clean project using make clean
make clean
rm -f core *.o mysh
Trying to build project using make
make
cc     mysh.c   -o mysh


test build PASSED
 (build project using make)


**********************************************************************

Test basic
run a single command with no arguments

**********************************************************************
/tmp/tmpafRitO/p/./mysh /u/c/s/cs537-2/ta/tests/2a/basic/in


test basic PASSED
 (run a single command with no arguments)


**********************************************************************

Test blank
an empty batch file

**********************************************************************
/tmp/tmpafRitO/p/./mysh /u/c/s/cs537-2/ta/tests/2a/blank/in


test blank PASSED
 (an empty batch file)


**********************************************************************

Test multiline
two single line commands

**********************************************************************
/tmp/tmpafRitO/p/./mysh /u/c/s/cs537-2/ta/tests/2a/multiline/in


test multiline PASSED
 (two single line commands)


**********************************************************************

Test parseargs
a command with an argument

**********************************************************************
/tmp/tmpafRitO/p/./mysh /u/c/s/cs537-2/ta/tests/2a/parseargs/in


test parseargs PASSED
 (a command with an argument)


**********************************************************************

Test parseargs2
a command with many arguments

**********************************************************************
/tmp/tmpafRitO/p/./mysh /u/c/s/cs537-2/ta/tests/2a/parseargs2/in


test parseargs2 PASSED
 (a command with many arguments)


**********************************************************************

Test parseargs3
successfully parse indirection and background symbols

**********************************************************************
/tmp/tmpafRitO/p/./mysh /u/c/s/cs537-2/ta/tests/2a/parseargs3/in


test parseargs3 PASSED
 (successfully parse indirection and background symbols)


**********************************************************************

Test exit
the builtin exit command

**********************************************************************
/tmp/tmpafRitO/p/./mysh /u/c/s/cs537-2/ta/tests/2a/exit/in


test exit PASSED
 (the builtin exit command)


**********************************************************************

Test pwd
the builtin pwd command

**********************************************************************
/tmp/tmpafRitO/p/./mysh /u/c/s/cs537-2/ta/tests/2a/pwd/in


test pwd PASSED
 (the builtin pwd command)


**********************************************************************

Test cd
cd with argument

**********************************************************************
/tmp/tmpafRitO/p/./mysh /u/c/s/cs537-2/ta/tests/2a/cd/in


test cd PASSED
 (cd with argument)


**********************************************************************

Test cd2
cd without argument

**********************************************************************
/tmp/tmpafRitO/p/./mysh /u/c/s/cs537-2/ta/tests/2a/cd2/in


test cd2 PASSED
 (cd without argument)


**********************************************************************

Test whitespace
serveral commands with extra whitespace

**********************************************************************
/tmp/tmpafRitO/p/./mysh /u/c/s/cs537-2/ta/tests/2a/whitespace/in


test whitespace PASSED
 (serveral commands with extra whitespace)


**********************************************************************

Test whitespace2
builtin commands with extra whitespace

**********************************************************************
/tmp/tmpafRitO/p/./mysh /u/c/s/cs537-2/ta/tests/2a/whitespace2/in


test whitespace2 PASSED
 (builtin commands with extra whitespace)


**********************************************************************

Test args
too many arguments to mysh

**********************************************************************
/tmp/tmpafRitO/p/./mysh /u/c/s/cs537-2/ta/tests/2a/args/in /bogus


test args PASSED
 (too many arguments to mysh)


**********************************************************************

Test args2
invalid batch file path

**********************************************************************
/tmp/tmpafRitO/p/./mysh /bogus


test args2 PASSED
 (invalid batch file path)


**********************************************************************

Test longline
maximum length line

**********************************************************************
/tmp/tmpafRitO/p/./mysh /u/c/s/cs537-2/ta/tests/2a/longline/in


test longline PASSED
 (maximum length line)


**********************************************************************

Test toolong
a line that is too long

**********************************************************************
/tmp/tmpafRitO/p/./mysh /u/c/s/cs537-2/ta/tests/2a/toolong/in


test toolong PASSED
 (a line that is too long)


**********************************************************************

Test badprog
bad executable path as command

**********************************************************************
/tmp/tmpafRitO/p/./mysh /u/c/s/cs537-2/ta/tests/2a/badprog/in


test badprog PASSED
 (bad executable path as command)


**********************************************************************

Test errout
a called program produces error output, but no errors from the shell itself

**********************************************************************
/tmp/tmpafRitO/p/./mysh /u/c/s/cs537-2/ta/tests/2a/errout/in


test errout PASSED
 (a called program produces error output, but no errors from the shell itself)


**********************************************************************

Test badcd
invalid path to cd

**********************************************************************
/tmp/tmpafRitO/p/./mysh /u/c/s/cs537-2/ta/tests/2a/badcd/in


test badcd PASSED
 (invalid path to cd)


**********************************************************************

Test badpwd
invalid arguments to pwd

**********************************************************************
/tmp/tmpafRitO/p/./mysh /u/c/s/cs537-2/ta/tests/2a/badpwd/in


test badpwd PASSED
 (invalid arguments to pwd)


**********************************************************************

Test badexit
invalid arguments to exit

**********************************************************************
/tmp/tmpafRitO/p/./mysh /u/c/s/cs537-2/ta/tests/2a/badexit/in
Failure: ./mysh gave incorrect standard error.
Expected: "An error has occurred\n"
Got:      ""


test badexit FAILED
 (invalid arguments to exit)
 ./mysh gave incorrect standard error.

Skipped 13 tests.
To keep testing after failing a test, use flag '-c' or '--continue'
[zihao@mumble-03] (135)$ make
cc     mysh.c   -o mysh
[zihao@mumble-03] (136)$ .make~cs537-2/ta/tests/2a/runtests [C[C[C[C[C[C[C[C[C[C[C[C[C[C[C[C[C[C[C[C[C[C[C[C[C./mysh [K[23@~cs537-2/ta/tests/2a/runtests[C

**********************************************************************

Test build
build project using make

**********************************************************************
Trying to clean project using make clean
make clean
rm -f core *.o mysh
Trying to build project using make
make
cc     mysh.c   -o mysh


test build PASSED
 (build project using make)


**********************************************************************

Test basic
run a single command with no arguments

**********************************************************************
/tmp/tmphjFmQB/p/./mysh /u/c/s/cs537-2/ta/tests/2a/basic/in


test basic PASSED
 (run a single command with no arguments)


**********************************************************************

Test blank
an empty batch file

**********************************************************************
/tmp/tmphjFmQB/p/./mysh /u/c/s/cs537-2/ta/tests/2a/blank/in


test blank PASSED
 (an empty batch file)


**********************************************************************

Test multiline
two single line commands

**********************************************************************
/tmp/tmphjFmQB/p/./mysh /u/c/s/cs537-2/ta/tests/2a/multiline/in


test multiline PASSED
 (two single line commands)


**********************************************************************

Test parseargs
a command with an argument

**********************************************************************
/tmp/tmphjFmQB/p/./mysh /u/c/s/cs537-2/ta/tests/2a/parseargs/in


test parseargs PASSED
 (a command with an argument)


**********************************************************************

Test parseargs2
a command with many arguments

**********************************************************************
/tmp/tmphjFmQB/p/./mysh /u/c/s/cs537-2/ta/tests/2a/parseargs2/in


test parseargs2 PASSED
 (a command with many arguments)


**********************************************************************

Test parseargs3
successfully parse indirection and background symbols

**********************************************************************
/tmp/tmphjFmQB/p/./mysh /u/c/s/cs537-2/ta/tests/2a/parseargs3/in


test parseargs3 PASSED
 (successfully parse indirection and background symbols)


**********************************************************************

Test exit
the builtin exit command

**********************************************************************
/tmp/tmphjFmQB/p/./mysh /u/c/s/cs537-2/ta/tests/2a/exit/in


test exit PASSED
 (the builtin exit command)


**********************************************************************

Test pwd
the builtin pwd command

**********************************************************************
/tmp/tmphjFmQB/p/./mysh /u/c/s/cs537-2/ta/tests/2a/pwd/in


test pwd PASSED
 (the builtin pwd command)


**********************************************************************

Test cd
cd with argument

**********************************************************************
/tmp/tmphjFmQB/p/./mysh /u/c/s/cs537-2/ta/tests/2a/cd/in


test cd PASSED
 (cd with argument)


**********************************************************************

Test cd2
cd without argument

**********************************************************************
/tmp/tmphjFmQB/p/./mysh /u/c/s/cs537-2/ta/tests/2a/cd2/in


test cd2 PASSED
 (cd without argument)


**********************************************************************

Test whitespace
serveral commands with extra whitespace

**********************************************************************
/tmp/tmphjFmQB/p/./mysh /u/c/s/cs537-2/ta/tests/2a/whitespace/in


test whitespace PASSED
 (serveral commands with extra whitespace)


**********************************************************************

Test whitespace2
builtin commands with extra whitespace

**********************************************************************
/tmp/tmphjFmQB/p/./mysh /u/c/s/cs537-2/ta/tests/2a/whitespace2/in


test whitespace2 PASSED
 (builtin commands with extra whitespace)


**********************************************************************

Test args
too many arguments to mysh

**********************************************************************
/tmp/tmphjFmQB/p/./mysh /u/c/s/cs537-2/ta/tests/2a/args/in /bogus


test args PASSED
 (too many arguments to mysh)


**********************************************************************

Test args2
invalid batch file path

**********************************************************************
/tmp/tmphjFmQB/p/./mysh /bogus


test args2 PASSED
 (invalid batch file path)


**********************************************************************

Test longline
maximum length line

**********************************************************************
/tmp/tmphjFmQB/p/./mysh /u/c/s/cs537-2/ta/tests/2a/longline/in


test longline PASSED
 (maximum length line)


**********************************************************************

Test toolong
a line that is too long

**********************************************************************
/tmp/tmphjFmQB/p/./mysh /u/c/s/cs537-2/ta/tests/2a/toolong/in


test toolong PASSED
 (a line that is too long)


**********************************************************************

Test badprog
bad executable path as command

**********************************************************************
/tmp/tmphjFmQB/p/./mysh /u/c/s/cs537-2/ta/tests/2a/badprog/in


test badprog PASSED
 (bad executable path as command)


**********************************************************************

Test errout
a called program produces error output, but no errors from the shell itself

**********************************************************************
/tmp/tmphjFmQB/p/./mysh /u/c/s/cs537-2/ta/tests/2a/errout/in


test errout PASSED
 (a called program produces error output, but no errors from the shell itself)


**********************************************************************

Test badcd
invalid path to cd

**********************************************************************
/tmp/tmphjFmQB/p/./mysh /u/c/s/cs537-2/ta/tests/2a/badcd/in


test badcd PASSED
 (invalid path to cd)


**********************************************************************

Test badpwd
invalid arguments to pwd

**********************************************************************
/tmp/tmphjFmQB/p/./mysh /u/c/s/cs537-2/ta/tests/2a/badpwd/in


test badpwd PASSED
 (invalid arguments to pwd)


**********************************************************************

Test badexit
invalid arguments to exit

**********************************************************************
/tmp/tmphjFmQB/p/./mysh /u/c/s/cs537-2/ta/tests/2a/badexit/in


test badexit PASSED
 (invalid arguments to exit)


**********************************************************************

Test redirect
simple redirection using >

**********************************************************************
/tmp/tmphjFmQB/p/./mysh /u/c/s/cs537-2/ta/tests/2a/redirect/in


test redirect PASSED
 (simple redirection using >)


**********************************************************************

Test redirect2
redirection and mutiple arguments

**********************************************************************
/tmp/tmphjFmQB/p/./mysh /u/c/s/cs537-2/ta/tests/2a/redirect2/in


test redirect2 PASSED
 (redirection and mutiple arguments)


**********************************************************************

Test badredir
redirect to invalid path

**********************************************************************
/tmp/tmphjFmQB/p/./mysh /u/c/s/cs537-2/ta/tests/2a/badredir/in


test badredir PASSED
 (redirect to invalid path)


**********************************************************************

Test badredir2
redirect to multiple paths

**********************************************************************
/tmp/tmphjFmQB/p/./mysh /u/c/s/cs537-2/ta/tests/2a/badredir2/in


test badredir2 PASSED
 (redirect to multiple paths)


**********************************************************************

Test interactive
simple command in interactive mode

**********************************************************************
Running mysh with 1 command: see /u/c/s/cs537-2/ta/tests/2a/interactive/in

/tmp/tmphjFmQB/p/./mysh
Failure: ./mysh gave incorrect standard output.
Expected: "mysh> Linux\nmysh> "
Got:      ">mysh Linux\n>mysh "


test interactive FAILED
 (simple command in interactive mode)
 ./mysh gave incorrect standard output.

Skipped 8 tests.
To keep testing after failing a test, use flag '-c' or '--continue'
[zihao@mumble-03] (137)$ ~cs537-2/ta/tests/2a/runtests [C[C[C[C[C[C[C[C[C[C[C[C[C[C[C[C[C[C[C[C[C[C[C[C[Cmake[K~cs537-2/ta/tests/2a/runtests 

**********************************************************************

Test build
build project using make

**********************************************************************
Trying to clean project using make clean
make clean
rm -f core *.o mysh
Trying to build project using make
make
cc     mysh.c   -o mysh


test build PASSED
 (build project using make)


**********************************************************************

Test basic
run a single command with no arguments

**********************************************************************
/tmp/tmp6lQIKB/p/./mysh /u/c/s/cs537-2/ta/tests/2a/basic/in


test basic PASSED
 (run a single command with no arguments)


**********************************************************************

Test blank
an empty batch file

**********************************************************************
/tmp/tmp6lQIKB/p/./mysh /u/c/s/cs537-2/ta/tests/2a/blank/in


test blank PASSED
 (an empty batch file)


**********************************************************************

Test multiline
two single line commands

**********************************************************************
/tmp/tmp6lQIKB/p/./mysh /u/c/s/cs537-2/ta/tests/2a/multiline/in


test multiline PASSED
 (two single line commands)


**********************************************************************

Test parseargs
a command with an argument

**********************************************************************
/tmp/tmp6lQIKB/p/./mysh /u/c/s/cs537-2/ta/tests/2a/parseargs/in


test parseargs PASSED
 (a command with an argument)


**********************************************************************

Test parseargs2
a command with many arguments

**********************************************************************
/tmp/tmp6lQIKB/p/./mysh /u/c/s/cs537-2/ta/tests/2a/parseargs2/in


test parseargs2 PASSED
 (a command with many arguments)


**********************************************************************

Test parseargs3
successfully parse indirection and background symbols

**********************************************************************
/tmp/tmp6lQIKB/p/./mysh /u/c/s/cs537-2/ta/tests/2a/parseargs3/in


test parseargs3 PASSED
 (successfully parse indirection and background symbols)


**********************************************************************

Test exit
the builtin exit command

**********************************************************************
/tmp/tmp6lQIKB/p/./mysh /u/c/s/cs537-2/ta/tests/2a/exit/in


test exit PASSED
 (the builtin exit command)


**********************************************************************

Test pwd
the builtin pwd command

**********************************************************************
/tmp/tmp6lQIKB/p/./mysh /u/c/s/cs537-2/ta/tests/2a/pwd/in


test pwd PASSED
 (the builtin pwd command)


**********************************************************************

Test cd
cd with argument

**********************************************************************
/tmp/tmp6lQIKB/p/./mysh /u/c/s/cs537-2/ta/tests/2a/cd/in


test cd PASSED
 (cd with argument)


**********************************************************************

Test cd2
cd without argument

**********************************************************************
/tmp/tmp6lQIKB/p/./mysh /u/c/s/cs537-2/ta/tests/2a/cd2/in


test cd2 PASSED
 (cd without argument)


**********************************************************************

Test whitespace
serveral commands with extra whitespace

**********************************************************************
/tmp/tmp6lQIKB/p/./mysh /u/c/s/cs537-2/ta/tests/2a/whitespace/in


test whitespace PASSED
 (serveral commands with extra whitespace)


**********************************************************************

Test whitespace2
builtin commands with extra whitespace

**********************************************************************
/tmp/tmp6lQIKB/p/./mysh /u/c/s/cs537-2/ta/tests/2a/whitespace2/in


test whitespace2 PASSED
 (builtin commands with extra whitespace)


**********************************************************************

Test args
too many arguments to mysh

**********************************************************************
/tmp/tmp6lQIKB/p/./mysh /u/c/s/cs537-2/ta/tests/2a/args/in /bogus


test args PASSED
 (too many arguments to mysh)


**********************************************************************

Test args2
invalid batch file path

**********************************************************************
/tmp/tmp6lQIKB/p/./mysh /bogus


test args2 PASSED
 (invalid batch file path)


**********************************************************************

Test longline
maximum length line

**********************************************************************
/tmp/tmp6lQIKB/p/./mysh /u/c/s/cs537-2/ta/tests/2a/longline/in


test longline PASSED
 (maximum length line)


**********************************************************************

Test toolong
a line that is too long

**********************************************************************
/tmp/tmp6lQIKB/p/./mysh /u/c/s/cs537-2/ta/tests/2a/toolong/in


test toolong PASSED
 (a line that is too long)


**********************************************************************

Test badprog
bad executable path as command

**********************************************************************
/tmp/tmp6lQIKB/p/./mysh /u/c/s/cs537-2/ta/tests/2a/badprog/in


test badprog PASSED
 (bad executable path as command)


**********************************************************************

Test errout
a called program produces error output, but no errors from the shell itself

**********************************************************************
/tmp/tmp6lQIKB/p/./mysh /u/c/s/cs537-2/ta/tests/2a/errout/in


test errout PASSED
 (a called program produces error output, but no errors from the shell itself)


**********************************************************************

Test badcd
invalid path to cd

**********************************************************************
/tmp/tmp6lQIKB/p/./mysh /u/c/s/cs537-2/ta/tests/2a/badcd/in


test badcd PASSED
 (invalid path to cd)


**********************************************************************

Test badpwd
invalid arguments to pwd

**********************************************************************
/tmp/tmp6lQIKB/p/./mysh /u/c/s/cs537-2/ta/tests/2a/badpwd/in


test badpwd PASSED
 (invalid arguments to pwd)


**********************************************************************

Test badexit
invalid arguments to exit

**********************************************************************
/tmp/tmp6lQIKB/p/./mysh /u/c/s/cs537-2/ta/tests/2a/badexit/in


test badexit PASSED
 (invalid arguments to exit)


**********************************************************************

Test redirect
simple redirection using >

**********************************************************************
/tmp/tmp6lQIKB/p/./mysh /u/c/s/cs537-2/ta/tests/2a/redirect/in


test redirect PASSED
 (simple redirection using >)


**********************************************************************

Test redirect2
redirection and mutiple arguments

**********************************************************************
/tmp/tmp6lQIKB/p/./mysh /u/c/s/cs537-2/ta/tests/2a/redirect2/in


test redirect2 PASSED
 (redirection and mutiple arguments)


**********************************************************************

Test badredir
redirect to invalid path

**********************************************************************
/tmp/tmp6lQIKB/p/./mysh /u/c/s/cs537-2/ta/tests/2a/badredir/in


test badredir PASSED
 (redirect to invalid path)


**********************************************************************

Test badredir2
redirect to multiple paths

**********************************************************************
/tmp/tmp6lQIKB/p/./mysh /u/c/s/cs537-2/ta/tests/2a/badredir2/in


test badredir2 PASSED
 (redirect to multiple paths)


**********************************************************************

Test interactive
simple command in interactive mode

**********************************************************************
Running mysh with 1 command: see /u/c/s/cs537-2/ta/tests/2a/interactive/in

/tmp/tmp6lQIKB/p/./mysh


test interactive PASSED
 (simple command in interactive mode)


**********************************************************************

Test interactive2
series of commands in interactive mode

**********************************************************************
Running mysh with several commands: see /u/c/s/cs537-2/ta/tests/2a/interactive2/in

/tmp/tmp6lQIKB/p/./mysh


test interactive2 PASSED
 (series of commands in interactive mode)


**********************************************************************

Test background
basic background process

**********************************************************************
/tmp/tmp6lQIKB/p/./mysh /u/c/s/cs537-2/ta/tests/2a/background/in


test background PASSED
 (basic background process)


**********************************************************************

Test background2
background process followed by wait

**********************************************************************
/tmp/tmp6lQIKB/p/./mysh /u/c/s/cs537-2/ta/tests/2a/background2/in
Failure: ./mysh gave incorrect standard error.
Expected: ""
Got:      "An error has occurred\n"


test background2 FAILED
 (background process followed by wait)
 ./mysh gave incorrect standard error.

Skipped 5 tests.
To keep testing after failing a test, use flag '-c' or '--continue'
[zihao@mumble-03] (138)$ ls
[0m[01;32m1.out[0m*  [01;34mc[0m/  [01;32mhello[0m*  hello.py  in  [01;32mll[0m*  makefile  [01;32mmysh[0m*  mysh.c  mysh.c~  runtests.log  script  typescript
[m[zihao@mumble-03] (139)$ vim runtests.log 
[?1049h[?1h=[1;48r[?12;25h[?12l[?25h[27m[m[H[2J[?25l[48;1H"runtests.log" 405L, 9566C[>c[2;1H**********************************************************************

Test build
build project using make

**********************************************************************
Trying to clean project using make clean
make clean
rm -f core *.o mysh
Trying to build project using make
make
cc     mysh.c   -o mysh


test build PASSED
 (build project using make)


**********************************************************************

Test basic
run a single command with no arguments

**********************************************************************
/tmp/tmp6lQIKB/p/./mysh /u/c/s/cs537-2/ta/tests/2a/basic/in


test basic PASSED
 (run a single command with no arguments)


**********************************************************************

Test blank
an empty batch file

**********************************************************************
/tmp/tmp6lQIKB/p/./mysh /u/c/s/cs537-2/ta/tests/2a/blank/in


test blank PASSED
 (an empty batch file)


**********************************************************************[48;149H1,0-1[9CTop[1;1H[?12l[?25hP+q436f\P+q6b75\P+q6b64\P+q6b72\P+q6b6c\P+q2332\P+q2334\P+q2569\P+q2a37\P+q6b31\[?25l[48;149H2,1  [2;1H[?12l[?25h[?25l[48;149H3,0-1[3;1H[?12l[?25h[?25l[48;149H4,1  [4;1H[?12l[?25h[?25l[48;149H5[5;1H[?12l[?25h[?25l[48;149H6,0-1[6;1H[?12l[?25h[?25l[48;149H7,1  [7;1H[?12l[?25h[?25l[48;149H8[8;1H[?12l[?25h[?25l[48;149H9[9;1H[?12l[?25h[?25l[48;149H10,1[10;1H[?12l[?25h[?25l[48;150H1[11;1H[?12l[?25h[?25l[48;150H2[12;1H[?12l[?25h[?25l[48;150H3[13;1H[?12l[?25h[?25l[48;150H4,0-1[14;1H[?12l[?25h[?25l[48;150H5[15;1H[?12l[?25h[?25l[48;150H6,1  [16;1H[?12l[?25h[?25l[48;150H7[17;1H[?12l[?25h[?25l[48;150H8,0-1[18;1H[?12l[?25h[?25l[48;150H9[19;1H[?12l[?25h[?25l[48;149H20,1  [20;1H[?12l[?25h[?25l[48;150H1,0-1[21;1H[?12l[?25h[?25l[48;150H2,1  [22;1H[?12l[?25h[?25l[48;150H3[23;1H[?12l[?25h[?25l[48;150H4,0-1[24;1H[?12l[?25h[?25l[48;150H5,1  [25;1H[?12l[?25h[?25l[48;150H6[26;1H[?12l[?25h[?25l[48;150H7,0-1[27;1H[?12l[?25h[?25l[48;150H8[28;1H[?12l[?25h[?25l[48;150H9,1  [29;1H[?12l[?25h[?25l[48;149H30[30;1H[?12l[?25h[?25l[48;150H1,0-1[31;1H[?12l[?25h[?25l[48;150H2[32;1H[?12l[?25h[?25l[48;150H3,1  [33;1H[?12l[?25h[?25l[48;150H4,0-1[34;1H[?12l[?25h[?25l[48;150H5,1  [35;1H[?12l[?25h[?25l[48;150H6[36;1H[?12l[?25h[?25l[48;150H7,0-1[37;1H[?12l[?25h[?25l[48;150H8,1  [38;1H[?12l[?25h[?25l[48;150H9[39;1H[?12l[?25h[?25l[48;149H40,0-1[40;1H[?12l[?25h[?25l[48;150H1[41;1H[?12l[?25h[?25l[48;150H2,1  [42;1H[?12l[?25h[?25l[48;150H3[43;1H[?12l[?25h[?25l[48;150H4,0-1[44;1H[?12l[?25h[?25l[48;150H5[45;1H[?12l[?25h[?25l[48;150H6,1  [46;1H[?12l[?25h[?25l[48;150H7,0-1[47;1H[?12l[?25h[?25l[1;47r[47;1H
[1;48r[47;1HTest multiline[48;1H[K[48;149H48,1[11C0%[47;1H[?12l[?25h[?25l[1;47r[47;1H
[1;48r[47;1Htwo single line commands[48;149H[K[48;149H49,1[11C0%[47;1H[?12l[?25h[?25l[1;47r[47;1H
[1;48r[48;149H[K[48;149H50,0-1[9C0%[47;1H[?12l[?25h[?25l[1;47r[47;1H
[1;48r[47;1H**********************************************************************[48;149H[K[48;149H51,1[11C1%[47;1H[?12l[?25h[?25l[1;47r[47;1H
[1;48r[47;1H/tmp/tmp6lQIKB/p/./mysh /u/c/s/cs537-2/ta/tests/2a/multiline/in[48;149H[K[48;149H52,1[11C1%[47;1H[?12l[?25h[?25l[1;47r[47;1H
[1;48r[48;149H[K[48;149H53,0-1[9C1%[47;1H[?12l[?25h[?25l[1;47r[47;1H
[1;48r[48;149H[K[48;149H54,0-1[9C1%[47;1H[?12l[?25h[?25l[1;47r[47;1H
[1;48r[47;1Htest multiline PASSED[48;149H[K[48;149H55,1[11C2%[47;1H[?12l[?25h[?25l[1;47r[47;1H
[1;48r[47;1H (two single line commands)[48;149H[K[48;149H56,1[11C2%[47;1H[?12l[?25h[?25l[1;47r[47;1H
[1;48r[48;149H[K[48;149H57,0-1[9C2%[47;1H[?12l[?25h[?25l[1;47r[47;1H
[1;48r[48;149H[K[48;149H58,0-1[9C3%[47;1H[?12l[?25h[?25l[1;47r[47;1H
[1;48r[47;1H**********************************************************************[48;149H[K[48;149H59,1[11C3%[47;1H[?12l[?25h[?25l[1;47r[47;1H
[1;48r[48;149H[K[48;149H60,0-1[9C3%[47;1H[?12l[?25h[?25l[1;47r[47;1H
[1;48r[47;1HTest parseargs[48;149H[K[48;149H61,1[11C3%[47;1H[?12l[?25h[?25l[1;47r[47;1H
[1;48r[47;1Ha command with an argument[48;149H[K[48;149H62,1[11C4%[47;1H[?12l[?25h[?25l[1;47r[47;1H
[1;48r[48;149H[K[48;149H63,0-1[9C4%[47;1H[?12l[?25h[?25l[1;47r[47;1H
[1;48r[47;1H**********************************************************************[48;149H[K[48;149H64,1[11C4%[47;1H[?12l[?25h[?25l[1;47r[47;1H
[1;48r[47;1H/tmp/tmp6lQIKB/p/./mysh /u/c/s/cs537-2/ta/tests/2a/parseargs/in[48;149H[K[48;149H65,1[11C5%[47;1H[?12l[?25h[?25l[1;47r[47;1H
[1;48r[48;149H[K[48;149H66,0-1[9C5%[47;1H[?12l[?25h[?25l[1;47r[47;1H
[1;48r[48;149H[K[48;149H67,0-1[9C5%[47;1H[?12l[?25h[?25l[1;47r[47;1H
[1;48r[47;1Htest parseargs PASSED[48;149H[K[48;149H68,1[11C5%[47;1H[?12l[?25h[?25l[1;47r[47;1H
[1;48r[47;1H (a command with an argument)[48;149H[K[48;149H69,1[11C6%[47;1H[?12l[?25h[?25l[1;47r[47;1H
[1;48r[48;149H[K[48;149H70,0-1[9C6%[47;1H[?12l[?25h[?25l[1;47r[47;1H
[1;48r[48;149H[K[48;149H71,0-1[9C6%[47;1H[?12l[?25h[?25l[1;47r[47;1H
[1;48r[47;1H**********************************************************************[48;149H[K[48;149H72,1[11C6%[47;1H[?12l[?25h[?25l[1;47r[47;1H
[1;48r[48;149H[K[48;149H73,0-1[9C7%[47;1H[?12l[?25h[?25l[1;47r[47;1H
[1;48r[47;1HTest parseargs2[48;149H[K[48;149H74,1[11C7%[47;1H[?12l[?25h[?25l[1;47r[47;1H
[1;48r[47;1Ha command with many arguments[48;149H[K[48;149H75,1[11C7%[47;1H[?12l[?25h[?25l[1;47r[47;1H
[1;48r[48;149H[K[48;149H76,0-1[9C8%[47;1H[?12l[?25h[?25l[1;47r[47;1H
[1;48r[47;1H**********************************************************************[48;149H[K[48;149H77,1[11C8%[47;1H[?12l[?25h[?25l[1;47r[47;1H
[1;48r[47;1H/tmp/tmp6lQIKB/p/./mysh /u/c/s/cs537-2/ta/tests/2a/parseargs2/in[48;149H[K[48;149H78,1[11C8%[47;1H[?12l[?25h[?25l[1;47r[47;1H
[1;48r[48;149H[K[48;149H79,0-1[9C8%[47;1H[?12l[?25h[?25l[1;47r[47;1H
[1;48r[48;149H[K[48;149H80,0-1[9C9%[47;1H[?12l[?25h[?25l[1;47r[47;1H
[1;48r[47;1Htest parseargs2 PASSED[48;149H[K[48;149H81,1[11C9%[47;1H[?12l[?25h[?25l[1;47r[47;1H
[1;48r[47;1H (a command with many arguments)[48;149H[K[48;149H82,1[11C9%[47;1H[?12l[?25h[?25l[1;47r[47;1H
[1;48r[48;149H[K[48;149H83,0-1[8C10%[47;1H[?12l[?25h[?25l[1;47r[47;1H
[1;48r[48;149H[K[48;149H84,0-1[8C10%[47;1H[?12l[?25h[?25l[1;47r[47;1H
[1;48r[47;1H**********************************************************************[48;149H[K[48;149H85,1[10C10%[47;1H[?12l[?25h[?25l[1;47r[47;1H
[1;48r[48;149H[K[48;149H86,0-1[8C10%[47;1H[?12l[?25h[?25l[1;47r[47;1H
[1;48r[47;1HTest parseargs3[48;149H[K[48;149H87,1[10C11%[47;1H[?12l[?25h[?25l[1;47r[47;1H
[1;48r[47;1Hsuccessfully parse indirection and background symbols[48;149H[K[48;149H88,1[10C11%[47;1H[?12l[?25h[?25l[1;47r[47;1H
[1;48r[48;149H[K[48;149H89,0-1[8C11%[47;1H[?12l[?25h[?25l[1;47r[47;1H
[1;48r[47;1H**********************************************************************[48;149H[K[48;149H90,1[10C12%[47;1H[?12l[?25h[?25l[1;47r[47;1H
[1;48r[47;1H/tmp/tmp6lQIKB/p/./mysh /u/c/s/cs537-2/ta/tests/2a/parseargs3/in[48;149H[K[48;149H91,1[10C12%[47;1H[?12l[?25h[?25l[1;47r[47;1H
[1;48r[48;149H[K[48;149H92,0-1[8C12%[47;1H[?12l[?25h[?25l[1;47r[47;1H
[1;48r[48;149H[K[48;149H93,0-1[8C12%[47;1H[?12l[?25h[?25l[1;47r[47;1H
[1;48r[47;1Htest parseargs3 PASSED[48;149H[K[48;149H94,1[10C13%[47;1H[?12l[?25h[?25l[1;47r[47;1H
[1;48r[47;1H (successfully parse indirection and background symbols)[48;149H[K[48;149H95,1[10C13%[47;1H[?12l[?25h[?25l[1;47r[47;1H
[1;48r[48;149H[K[48;149H96,0-1[8C13%[47;1H[?12l[?25h[?25l[1;47r[47;1H
[1;48r[48;149H[K[48;149H97,0-1[8C13%[47;1H[?12l[?25h[?25l[1;47r[47;1H
[1;48r[47;1H**********************************************************************[48;149H[K[48;149H98,1[10C14%[47;1H[?12l[?25h[?25l[1;47r[47;1H
[1;48r[48;149H[K[48;149H99,0-1[8C14%[47;1H[?12l[?25h[?25l[1;47r[47;1H
[1;48r[47;1HTest exit[48;149H[K[48;149H100,1[9C14%[47;1H[?12l[?25h[?25l[1;47r[47;1H
[1;48r[47;1Hthe builtin exit command[48;149H[K[48;149H101,1[9C15%[47;1H[?12l[?25h[?25l[1;47r[47;1H
[1;48r[48;149H[K[48;149H102,0-1[7C15%[47;1H[?12l[?25h[?25l[1;47r[47;1H
[1;48r[47;1H**********************************************************************[48;149H[K[48;149H103,1[9C15%[47;1H[?12l[?25h[?25l[1;47r[47;1H
[1;48r[47;1H/tmp/tmp6lQIKB/p/./mysh /u/c/s/cs537-2/ta/tests/2a/exit/in[48;149H[K[48;149H104,1[9C15%[47;1H[?12l[?25h[?25l[1;47r[47;1H
[1;48r[48;149H[K[48;149H105,0-1[7C16%[47;1H[?12l[?25h[?25l[1;47r[47;1H
[1;48r[48;149H[K[48;149H106,0-1[7C16%[47;1H[?12l[?25h[?25l[1;47r[47;1H
[1;48r[47;1Htest exit PASSED[48;149H[K[48;149H107,1[9C16%[47;1H[?12l[?25h[?25l[1;47r[47;1H
[1;48r[47;1H (the builtin exit command)[48;149H[K[48;149H108,1[9C17%[47;1H[?12l[?25h[?25l[1;47r[47;1H
[1;48r[48;149H[K[48;149H109,0-1[7C17%[47;1H[?12l[?25h[?25l[1;47r[47;1H
[1;48r[48;149H[K[48;149H110,0-1[7C17%[47;1H[?12l[?25h[?25l[1;47r[47;1H
[1;48r[47;1H**********************************************************************[48;149H[K[48;149H111,1[9C17%[47;1H[?12l[?25h[?25l[1;47r[47;1H
[1;48r[48;149H[K[48;149H112,0-1[7C18%[47;1H[?12l[?25h[?25l[1;47r[47;1H
[1;48r[47;1HTest pwd[48;149H[K[48;149H113,1[9C18%[47;1H[?12l[?25h[?25l[1;47r[47;1H
[1;48r[47;1Hthe builtin pwd command[48;149H[K[48;149H114,1[9C18%[47;1H[?12l[?25h[?25l[1;47r[47;1H
[1;48r[48;149H[K[48;149H115,0-1[7C18%[47;1H[?12l[?25h[?25l[1;47r[47;1H
[1;48r[47;1H**********************************************************************[48;149H[K[48;149H116,1[9C19%[47;1H[?12l[?25h[?25l[1;47r[47;1H
[1;48r[47;1H/tmp/tmp6lQIKB/p/./mysh /u/c/s/cs537-2/ta/tests/2a/pwd/in[48;149H[K[48;149H117,1[9C19%[47;1H[?12l[?25h[?25l[1;47r[47;1H
[1;48r[48;149H[K[48;149H118,0-1[7C19%[47;1H[?12l[?25h[?25l[1;47r[47;1H
[1;48r[48;149H[K[48;149H119,0-1[7C20%[47;1H[?12l[?25h[?25l[1;47r[47;1H
[1;48r[47;1Htest pwd PASSED[48;149H[K[48;149H120,1[9C20%[47;1H[?12l[?25h[?25l[1;47r[47;1H
[1;48r[47;1H (the builtin pwd command)[48;149H[K[48;149H121,1[9C20%[47;1H[?12l[?25h[?25l[1;47r[47;1H
[1;48r[48;149H[K[48;149H122,0-1[7C20%[47;1H[?12l[?25h[?25l[1;47r[47;1H
[1;48r[48;149H[K[48;149H123,0-1[7C21%[47;1H[?12l[?25h[?25l[1;47r[47;1H
[1;48r[47;1H**********************************************************************[48;149H[K[48;149H124,1[9C21%[47;1H[?12l[?25h[?25l[1;47r[47;1H
[1;48r[48;149H[K[48;149H125,0-1[7C21%[47;1H[?12l[?25h[?25l[1;47r[47;1H
[1;48r[47;1HTest cd[48;149H[K[48;149H126,1[9C22%[47;1H[?12l[?25h[?25l[1;47r[47;1H
[1;48r[47;1Hcd with argument[48;149H[K[48;149H127,1[9C22%[47;1H[?12l[?25h[?25l[1;47r[47;1H
[1;48r[48;149H[K[48;149H128,0-1[7C22%[47;1H[?12l[?25h[?25l[1;47r[47;1H
[1;48r[47;1H**********************************************************************[48;149H[K[48;149H129,1[9C22%[47;1H[?12l[?25h[?25l[1;47r[47;1H
[1;48r[47;1H/tmp/tmp6lQIKB/p/./mysh /u/c/s/cs537-2/ta/tests/2a/cd/in[48;149H[K[48;149H130,1[9C23%[47;1H[?12l[?25h[?25l[1;47r[47;1H
[1;48r[48;149H[K[48;149H131,0-1[7C23%[47;1H[?12l[?25h[?25l[1;47r[47;1H
[1;48r[48;149H[K[48;149H132,0-1[7C23%[47;1H[?12l[?25h[?25l[1;47r[47;1H
[1;48r[47;1Htest cd PASSED[48;149H[K[48;149H133,1[9C24%[47;1H[?12l[?25h[?25l[1;47r[47;1H
[1;48r[47;1H (cd with argument)[48;149H[K[48;149H134,1[9C24%[47;1H[?12l[?25h[?25l[1;47r[47;1H
[1;48r[48;149H[K[48;149H135,0-1[7C24%[47;1H[?12l[?25h[?25l[1;47r[47;1H
[1;48r[48;149H[K[48;149H136,0-1[7C24%[47;1H[?12l[?25h[?25l[1;47r[47;1H
[1;48r[47;1H**********************************************************************[48;149H[K[48;149H137,1[9C25%[47;1H[?12l[?25h[?25l[1;47r[47;1H
[1;48r[48;149H[K[48;149H138,0-1[7C25%[47;1H[?12l[?25h[?25l[1;47r[47;1H
[1;48r[47;1HTest cd2[48;149H[K[48;149H139,1[9C25%[47;1H[?12l[?25h[?25l[1;47r[47;1H
[1;48r[47;1Hcd without argument[48;149H[K[48;149H140,1[9C25%[47;1H[?12l[?25h[?25l[1;47r[47;1H
[1;48r[48;149H[K[48;149H141,0-1[7C26%[47;1H[?12l[?25h[?25l[1;47r[47;1H
[1;48r[47;1H**********************************************************************[48;149H[K[48;149H142,1[9C26%[47;1H[?12l[?25h[?25l[1;47r[47;1H
[1;48r[47;1H/tmp/tmp6lQIKB/p/./mysh /u/c/s/cs537-2/ta/tests/2a/cd2/in[48;149H[K[48;149H143,1[9C26%[47;1H[?12l[?25h[?25l[1;47r[47;1H
[1;48r[48;149H[K[48;149H144,0-1[7C27%[47;1H[?12l[?25h[?25l[1;47r[47;1H
[1;48r[48;149H[K[48;149H145,0-1[7C27%[47;1H[?12l[?25h[?25l[1;47r[47;1H
[1;48r[47;1Htest cd2 PASSED[48;149H[K[48;149H146,1[9C27%[47;1H[?12l[?25h[?25l[1;47r[47;1H
[1;48r[47;1H (cd without argument)[48;149H[K[48;149H147,1[9C27%[47;1H[?12l[?25h[?25l[1;47r[47;1H
[1;48r[48;149H[K[48;149H148,0-1[7C28%[47;1H[?12l[?25h[?25l[1;47r[47;1H
[1;48r[48;149H[K[48;149H149,0-1[7C28%[47;1H[?12l[?25h[?25l[1;47r[47;1H
[1;48r[47;1H**********************************************************************[48;149H[K[48;149H150,1[9C28%[47;1H[?12l[?25h[?25l[1;47r[47;1H
[1;48r[48;149H[K[48;149H151,0-1[7C29%[47;1H[?12l[?25h[?25l[1;47r[47;1H
[1;48r[47;1HTest whitespace[48;149H[K[48;149H152,1[9C29%[47;1H[?12l[?25h[?25l[1;47r[47;1H
[1;48r[47;1Hserveral commands with extra whitespace[48;149H[K[48;149H153,1[9C29%[47;1H[?12l[?25h[?25l[1;47r[47;1H
[1;48r[48;149H[K[48;149H154,0-1[7C29%[47;1H[?12l[?25h[?25l[1;47r[47;1H
[1;48r[47;1H**********************************************************************[48;149H[K[48;149H155,1[9C30%[47;1H[?12l[?25h[?25l[1;47r[47;1H
[1;48r[47;1H/tmp/tmp6lQIKB/p/./mysh /u/c/s/cs537-2/ta/tests/2a/whitespace/in[48;149H[K[48;149H156,1[9C30%[47;1H[?12l[?25h[?25l[1;47r[47;1H
[1;48r[48;149H[K[48;149H157,0-1[7C30%[47;1H[?12l[?25h[?25l[1;47r[47;1H
[1;48r[48;149H[K[48;149H158,0-1[7C31%[47;1H[?12l[?25h[?25l[1;47r[47;1H
[1;48r[47;1Htest whitespace PASSED[48;149H[K[48;149H159,1[9C31%[47;1H[?12l[?25h[?25l[1;47r[47;1H
[1;48r[47;1H (serveral commands with extra whitespace)[48;149H[K[48;149H160,1[9C31%[47;1H[?12l[?25h[?25l[1;47r[47;1H
[1;48r[48;149H[K[48;149H161,0-1[7C31%[47;1H[?12l[?25h[?25l[1;47r[47;1H
[1;48r[48;149H[K[48;149H162,0-1[7C32%[47;1H[?12l[?25h[?25l[1;47r[47;1H
[1;48r[47;1H**********************************************************************[48;149H[K[48;149H163,1[9C32%[47;1H[?12l[?25h[?25l[1;47r[47;1H
[1;48r[48;149H[K[48;149H164,0-1[7C32%[47;1H[?12l[?25h[?25l[1;47r[47;1H
[1;48r[47;1HTest whitespace2[48;149H[K[48;149H165,1[9C32%[47;1H[?12l[?25h[?25l[1;47r[47;1H
[1;48r[47;1Hbuiltin commands with extra whitespace[48;149H[K[48;149H166,1[9C33%[47;1H[?12l[?25h[?25l[1;47r[47;1H
[1;48r[48;149H[K[48;149H167,0-1[7C33%[47;1H[?12l[?25h[?25l[1;47r[47;1H
[1;48r[47;1H**********************************************************************[48;149H[K[48;149H168,1[9C33%[47;1H[?12l[?25h[?25l[1;47r[47;1H
[1;48r[47;1H/tmp/tmp6lQIKB/p/./mysh /u/c/s/cs537-2/ta/tests/2a/whitespace2/in[48;149H[K[48;149H169,1[9C34%[47;1H[?12l[?25h[?25l[1;47r[47;1H
[1;48r[48;149H[K[48;149H170,0-1[7C34%[47;1H[?12l[?25h[?25l[1;47r[47;1H
[1;48r[48;149H[K[48;149H171,0-1[7C34%[47;1H[?12l[?25h[?25l[1;47r[47;1H
[1;48r[47;1Htest whitespace2 PASSED[48;149H[K[48;149H172,1[9C34%[47;1H[?12l[?25h[?25l
[1mrecording[m[48;149H[K[48;149H172,1[9C34%[47;1H[?12l[?25h[?25l[48;1H[K[48;1H:[?12l[?25hw[?25l[?12l[?25hq[?25l[?12l[?25h[?25l[48;3H[K[48;3H[?12l[?25h[?25l[48;2H[K[48;2H[?12l[?25hq[?25l[?12l[?25h[?25l[48;1H[K[48;1H[?1l>[?12l[?25h[?1049l[zihao@mumble-03] (140)$ [K[zihao@mumble-03] (140)$ [K[zihao@mumble-03] (140)$ [K[zihao@mumble-03] (140)$ [K[zihao@mumble-03] (140)$ [K[zihao@mumble-03] (140)$ [K[zihao@mumble-03] (140)$ [K[zihao@mumble-03] (140)$ [K[zihao@mumble-03] (140)$ [K[zihao@mumble-03] (140)$ [K[zihao@mumble-03] (140)$ [K[zihao@mumble-03] (140)$ [K[zihao@mumble-03] (140)$ [K[zihao@mumble-03] (140)$ [K[zihao@mumble-03] (140)$ [K[zihao@mumble-03] (140)$ [K[zihao@mumble-03] (140)$ [K[zihao@mumble-03] (140)$ [K[zihao@mumble-03] (140)$ [K[zihao@mumble-03] (140)$ [K[zihao@mumble-03] (140)$ [K[zihao@mumble-03] (140)$ [K[zihao@mumble-03] (140)$ [K[zihao@mumble-03] (140)$ [K[zihao@mumble-03] (140)$ [K[zihao@mumble-03] (140)$ [K[zihao@mumble-03] (140)$ [K[zihao@mumble-03] (140)$ [K[zihao@mumble-03] (140)$ [K[zihao@mumble-03] (140)$ [K[zihao@mumble-03] (140)$ [K[zihao@mumble-03] (140)$ [K[zihao@mumble-03] (140)$ [K[zihao@mumble-03] (140)$ [K[zihao@mumble-03] (140)$ [K[zihao@mumble-03] (140)$ [K[zihao@mumble-03] (140)$ [K[zihao@mumble-03] (140)$ [K[zihao@mumble-03] (140)$ [K[zihao@mumble-03] (140)$ [K[zihao@mumble-03] (140)$ [K[zihao@mumble-03] (140)$ [K[zihao@mumble-03] (140)$ [K[zihao@mumble-03] (140)$ [K[zihao@mumble-03] (140)$ [K[zihao@mumble-03] (140)$ [K[zihao@mumble-03] (140)$ [K[zihao@mumble-03] (140)$ [K[zihao@mumble-03] (140)$ [K[zihao@mumble-03] (140)$ [K[zihao@mumble-03] (140)$ [K[zihao@mumble-03] (140)$ ./[K[Kmake
cc     mysh.c   -o mysh
[zihao@mumble-03] (141)$ ./mysh 
mysh> /bin/name    uname > 1.out &
An error has occurred
mysh> exit
[zihao@mumble-03] (142)$ make
cc     mysh.c   -o mysh
[zihao@mumble-03] (143)$ ./mysh 
mysh> /bin/uname/  > 1.out &
An error has occurred
mysh> ^[[Aexit
redirect? 0, background? 0
args: [Aexit
An error has occurred
mysh> eixt  xit   x  xit
redirect? 0, background? 0
args: exit
[zihao@mumble-03] (144)$ ./mysh [3Pmake
cc     mysh.c   -o mysh
[zihao@mumble-03] (145)$ make./mysh 
mysh> /bin/uname
args: /bin/uname
redirect? 0, background? 0
args: /bin/uname
Linux
mysh> /bin/uname > 1.out &
An error has occurred
mysh> ext it
args: exit
redirect? 0, background? 0
args: exit
[zihao@mumble-03] (146)$ ./mysh [3Pmake
cc     mysh.c   -o mysh
[zihao@mumble-03] (147)$ make./mysh 
mysh> /bin/uname > 1.out &
An error has occurred
mysh> ^[[A^[[A^C
[zihao@mumble-03] (148)$ ./mysh [3Pmake
cc     mysh.c   -o mysh
[zihao@mumble-03] (149)$ make./mysh 
mysh> /bin/uname > 1.  out.1     1.out &
cleaned Line: /bin/uname > 1.out &
An error has occurred
mysh> ^C
[zihao@mumble-03] (150)$ make
cc     mysh.c   -o mysh
[zihao@mumble-03] (151)$ ./mysh 
mysh> /bin/uname > 1.out &
An error has occurred
mysh> count: ^C
[zihao@mumble-03] (152)$ make
cc     mysh.c   -o mysh
[zihao@mumble-03] (153)$ make
cc     mysh.c   -o mysh
[zihao@mumble-03] (154)$ ./mysh 
mysh> /bin/uname > 1.out &
r: 1.out
r: &
An error has occurred
mysh> count: mak ^C
[zihao@mumble-03] (155)$ mkae
bash: mkae: command not found
[zihao@mumble-03] (156)$ mae[Kke
cc     mysh.c   -o mysh
[zihao@mumble-03] (157)$ ./mysh 
mysh> ls  /bin/unmae   ame > 1.out &
HERE!redirect? 1, background? 0
args: /bin/uname
args: 1.out
mysh> ls
HERE!redirect? 0, background? 0
args: ls
1.out  c  hello  hello.py  in  ll  makefile  mysh  mysh.c  mysh.c~  runtests.log  script  typescript
mysh> ^C
[zihao@mumble-03] (158)$ make
cc     mysh.c   -o mysh
[zihao@mumble-03] (159)$ ./mysh 
mysh> 
[zihao@mumble-03] (160)$ ./mysh [K
mysh> ls
HERE!args: ls
1.out  c  hello  hello.py  in  ll  makefile  mysh  mysh.c  mysh.c~  runtests.log  script  typescript
mysh> ^C
[zihao@mumble-03] (161)$ ./mysh [3Pmake./mysh [3Pmakekae./mysh [3Pmake./mysh [3Pmake./mysh [3Pmake./mysh [3Pmake./mysh [3Pmake./mysh [3Pmake./mysh [3Pmakevim runtests.log ls[K~cs537-2/ta/tests/2a/runtests 

**********************************************************************

Test build
build project using make

**********************************************************************
Trying to clean project using make clean
make clean
rm -f core *.o mysh
Trying to build project using make
make
cc     mysh.c   -o mysh


test build PASSED
 (build project using make)


**********************************************************************

Test basic
run a single command with no arguments

**********************************************************************
/tmp/tmpn11WgZ/p/./mysh /u/c/s/cs537-2/ta/tests/2a/basic/in


test basic PASSED
 (run a single command with no arguments)


**********************************************************************

Test blank
an empty batch file

**********************************************************************
/tmp/tmpn11WgZ/p/./mysh /u/c/s/cs537-2/ta/tests/2a/blank/in


test blank PASSED
 (an empty batch file)


**********************************************************************

Test multiline
two single line commands

**********************************************************************
/tmp/tmpn11WgZ/p/./mysh /u/c/s/cs537-2/ta/tests/2a/multiline/in


test multiline PASSED
 (two single line commands)


**********************************************************************

Test parseargs
a command with an argument

**********************************************************************
/tmp/tmpn11WgZ/p/./mysh /u/c/s/cs537-2/ta/tests/2a/parseargs/in


test parseargs PASSED
 (a command with an argument)


**********************************************************************

Test parseargs2
a command with many arguments

**********************************************************************
/tmp/tmpn11WgZ/p/./mysh /u/c/s/cs537-2/ta/tests/2a/parseargs2/in


test parseargs2 PASSED
 (a command with many arguments)


**********************************************************************

Test parseargs3
successfully parse indirection and background symbols

**********************************************************************
/tmp/tmpn11WgZ/p/./mysh /u/c/s/cs537-2/ta/tests/2a/parseargs3/in


test parseargs3 PASSED
 (successfully parse indirection and background symbols)


**********************************************************************

Test exit
the builtin exit command

**********************************************************************
/tmp/tmpn11WgZ/p/./mysh /u/c/s/cs537-2/ta/tests/2a/exit/in


test exit PASSED
 (the builtin exit command)


**********************************************************************

Test pwd
the builtin pwd command

**********************************************************************
/tmp/tmpn11WgZ/p/./mysh /u/c/s/cs537-2/ta/tests/2a/pwd/in


test pwd PASSED
 (the builtin pwd command)


**********************************************************************

Test cd
cd with argument

**********************************************************************
/tmp/tmpn11WgZ/p/./mysh /u/c/s/cs537-2/ta/tests/2a/cd/in


test cd PASSED
 (cd with argument)


**********************************************************************

Test cd2
cd without argument

**********************************************************************
/tmp/tmpn11WgZ/p/./mysh /u/c/s/cs537-2/ta/tests/2a/cd2/in


test cd2 PASSED
 (cd without argument)


**********************************************************************

Test whitespace
serveral commands with extra whitespace

**********************************************************************
/tmp/tmpn11WgZ/p/./mysh /u/c/s/cs537-2/ta/tests/2a/whitespace/in


test whitespace PASSED
 (serveral commands with extra whitespace)


**********************************************************************

Test whitespace2
builtin commands with extra whitespace

**********************************************************************
/tmp/tmpn11WgZ/p/./mysh /u/c/s/cs537-2/ta/tests/2a/whitespace2/in


test whitespace2 PASSED
 (builtin commands with extra whitespace)


**********************************************************************

Test args
too many arguments to mysh

**********************************************************************
/tmp/tmpn11WgZ/p/./mysh /u/c/s/cs537-2/ta/tests/2a/args/in /bogus


test args PASSED
 (too many arguments to mysh)


**********************************************************************

Test args2
invalid batch file path

**********************************************************************
/tmp/tmpn11WgZ/p/./mysh /bogus


test args2 PASSED
 (invalid batch file path)


**********************************************************************

Test longline
maximum length line

**********************************************************************
/tmp/tmpn11WgZ/p/./mysh /u/c/s/cs537-2/ta/tests/2a/longline/in


test longline PASSED
 (maximum length line)


**********************************************************************

Test toolong
a line that is too long

**********************************************************************
/tmp/tmpn11WgZ/p/./mysh /u/c/s/cs537-2/ta/tests/2a/toolong/in


test toolong PASSED
 (a line that is too long)


**********************************************************************

Test badprog
bad executable path as command

**********************************************************************
/tmp/tmpn11WgZ/p/./mysh /u/c/s/cs537-2/ta/tests/2a/badprog/in


test badprog PASSED
 (bad executable path as command)


**********************************************************************

Test errout
a called program produces error output, but no errors from the shell itself

**********************************************************************
/tmp/tmpn11WgZ/p/./mysh /u/c/s/cs537-2/ta/tests/2a/errout/in


test errout PASSED
 (a called program produces error output, but no errors from the shell itself)


**********************************************************************

Test badcd
invalid path to cd

**********************************************************************
/tmp/tmpn11WgZ/p/./mysh /u/c/s/cs537-2/ta/tests/2a/badcd/in


test badcd PASSED
 (invalid path to cd)


**********************************************************************

Test badpwd
invalid arguments to pwd

**********************************************************************
/tmp/tmpn11WgZ/p/./mysh /u/c/s/cs537-2/ta/tests/2a/badpwd/in


test badpwd PASSED
 (invalid arguments to pwd)


**********************************************************************

Test badexit
invalid arguments to exit

**********************************************************************
/tmp/tmpn11WgZ/p/./mysh /u/c/s/cs537-2/ta/tests/2a/badexit/in


test badexit PASSED
 (invalid arguments to exit)


**********************************************************************

Test redirect
simple redirection using >

**********************************************************************
/tmp/tmpn11WgZ/p/./mysh /u/c/s/cs537-2/ta/tests/2a/redirect/in


test redirect PASSED
 (simple redirection using >)


**********************************************************************

Test redirect2
redirection and mutiple arguments

**********************************************************************
/tmp/tmpn11WgZ/p/./mysh /u/c/s/cs537-2/ta/tests/2a/redirect2/in


test redirect2 PASSED
 (redirection and mutiple arguments)


**********************************************************************

Test badredir
redirect to invalid path

**********************************************************************
/tmp/tmpn11WgZ/p/./mysh /u/c/s/cs537-2/ta/tests/2a/badredir/in


test badredir PASSED
 (redirect to invalid path)


**********************************************************************

Test badredir2
redirect to multiple paths

**********************************************************************
/tmp/tmpn11WgZ/p/./mysh /u/c/s/cs537-2/ta/tests/2a/badredir2/in
Failure: ./mysh gave incorrect standard output.
Expected: "/bin/ls > 1.out 2.out\nuname\nLinux\n"
Got:      "/bin/ls > 1.out 2.out\nuname\ncount: Linux\n"


test badredir2 FAILED
 (redirect to multiple paths)
 ./mysh gave incorrect standard output.

Skipped 9 tests.
To keep testing after failing a test, use flag '-c' or '--continue'
[zihao@mumble-03] (162)$ mkae
bash: mkae: command not found
[zihao@mumble-03] (163)$ make
cc     mysh.c   -o mysh
[zihao@mumble-03] (164)$ .makekae~cs537-2/ta/tests/2a/runtests [C[C[C[C[C[C[C[C[C[C[C[C[C[C[C[C[C[C[C[C[C[C[C[C[C./mysh[K [K~cs537-2/ta/tests/2a/runtests 

**********************************************************************

Test build
build project using make

**********************************************************************
Trying to clean project using make clean
make clean
rm -f core *.o mysh
Trying to build project using make
make
cc     mysh.c   -o mysh


test build PASSED
 (build project using make)


**********************************************************************

Test basic
run a single command with no arguments

**********************************************************************
/tmp/tmp6_UnJh/p/./mysh /u/c/s/cs537-2/ta/tests/2a/basic/in


test basic PASSED
 (run a single command with no arguments)


**********************************************************************

Test blank
an empty batch file

**********************************************************************
/tmp/tmp6_UnJh/p/./mysh /u/c/s/cs537-2/ta/tests/2a/blank/in


test blank PASSED
 (an empty batch file)


**********************************************************************

Test multiline
two single line commands

**********************************************************************
/tmp/tmp6_UnJh/p/./mysh /u/c/s/cs537-2/ta/tests/2a/multiline/in


test multiline PASSED
 (two single line commands)


**********************************************************************

Test parseargs
a command with an argument

**********************************************************************
/tmp/tmp6_UnJh/p/./mysh /u/c/s/cs537-2/ta/tests/2a/parseargs/in


test parseargs PASSED
 (a command with an argument)


**********************************************************************

Test parseargs2
a command with many arguments

**********************************************************************
/tmp/tmp6_UnJh/p/./mysh /u/c/s/cs537-2/ta/tests/2a/parseargs2/in


test parseargs2 PASSED
 (a command with many arguments)


**********************************************************************

Test parseargs3
successfully parse indirection and background symbols

**********************************************************************
/tmp/tmp6_UnJh/p/./mysh /u/c/s/cs537-2/ta/tests/2a/parseargs3/in


test parseargs3 PASSED
 (successfully parse indirection and background symbols)


**********************************************************************

Test exit
the builtin exit command

**********************************************************************
/tmp/tmp6_UnJh/p/./mysh /u/c/s/cs537-2/ta/tests/2a/exit/in


test exit PASSED
 (the builtin exit command)


**********************************************************************

Test pwd
the builtin pwd command

**********************************************************************
/tmp/tmp6_UnJh/p/./mysh /u/c/s/cs537-2/ta/tests/2a/pwd/in


test pwd PASSED
 (the builtin pwd command)


**********************************************************************

Test cd
cd with argument

**********************************************************************
/tmp/tmp6_UnJh/p/./mysh /u/c/s/cs537-2/ta/tests/2a/cd/in


test cd PASSED
 (cd with argument)


**********************************************************************

Test cd2
cd without argument

**********************************************************************
/tmp/tmp6_UnJh/p/./mysh /u/c/s/cs537-2/ta/tests/2a/cd2/in


test cd2 PASSED
 (cd without argument)


**********************************************************************

Test whitespace
serveral commands with extra whitespace

**********************************************************************
/tmp/tmp6_UnJh/p/./mysh /u/c/s/cs537-2/ta/tests/2a/whitespace/in


test whitespace PASSED
 (serveral commands with extra whitespace)


**********************************************************************

Test whitespace2
builtin commands with extra whitespace

**********************************************************************
/tmp/tmp6_UnJh/p/./mysh /u/c/s/cs537-2/ta/tests/2a/whitespace2/in


test whitespace2 PASSED
 (builtin commands with extra whitespace)


**********************************************************************

Test args
too many arguments to mysh

**********************************************************************
/tmp/tmp6_UnJh/p/./mysh /u/c/s/cs537-2/ta/tests/2a/args/in /bogus


test args PASSED
 (too many arguments to mysh)


**********************************************************************

Test args2
invalid batch file path

**********************************************************************
/tmp/tmp6_UnJh/p/./mysh /bogus


test args2 PASSED
 (invalid batch file path)


**********************************************************************

Test longline
maximum length line

**********************************************************************
/tmp/tmp6_UnJh/p/./mysh /u/c/s/cs537-2/ta/tests/2a/longline/in


test longline PASSED
 (maximum length line)


**********************************************************************

Test toolong
a line that is too long

**********************************************************************
/tmp/tmp6_UnJh/p/./mysh /u/c/s/cs537-2/ta/tests/2a/toolong/in


test toolong PASSED
 (a line that is too long)


**********************************************************************

Test badprog
bad executable path as command

**********************************************************************
/tmp/tmp6_UnJh/p/./mysh /u/c/s/cs537-2/ta/tests/2a/badprog/in


test badprog PASSED
 (bad executable path as command)


**********************************************************************

Test errout
a called program produces error output, but no errors from the shell itself

**********************************************************************
/tmp/tmp6_UnJh/p/./mysh /u/c/s/cs537-2/ta/tests/2a/errout/in


test errout PASSED
 (a called program produces error output, but no errors from the shell itself)


**********************************************************************

Test badcd
invalid path to cd

**********************************************************************
/tmp/tmp6_UnJh/p/./mysh /u/c/s/cs537-2/ta/tests/2a/badcd/in


test badcd PASSED
 (invalid path to cd)


**********************************************************************

Test badpwd
invalid arguments to pwd

**********************************************************************
/tmp/tmp6_UnJh/p/./mysh /u/c/s/cs537-2/ta/tests/2a/badpwd/in


test badpwd PASSED
 (invalid arguments to pwd)


**********************************************************************

Test badexit
invalid arguments to exit

**********************************************************************
/tmp/tmp6_UnJh/p/./mysh /u/c/s/cs537-2/ta/tests/2a/badexit/in


test badexit PASSED
 (invalid arguments to exit)


**********************************************************************

Test redirect
simple redirection using >

**********************************************************************
/tmp/tmp6_UnJh/p/./mysh /u/c/s/cs537-2/ta/tests/2a/redirect/in


test redirect PASSED
 (simple redirection using >)


**********************************************************************

Test redirect2
redirection and mutiple arguments

**********************************************************************
/tmp/tmp6_UnJh/p/./mysh /u/c/s/cs537-2/ta/tests/2a/redirect2/in


test redirect2 PASSED
 (redirection and mutiple arguments)


**********************************************************************

Test badredir
redirect to invalid path

**********************************************************************
/tmp/tmp6_UnJh/p/./mysh /u/c/s/cs537-2/ta/tests/2a/badredir/in


test badredir PASSED
 (redirect to invalid path)


**********************************************************************

Test badredir2
redirect to multiple paths

**********************************************************************
/tmp/tmp6_UnJh/p/./mysh /u/c/s/cs537-2/ta/tests/2a/badredir2/in


test badredir2 PASSED
 (redirect to multiple paths)


**********************************************************************

Test interactive
simple command in interactive mode

**********************************************************************
Running mysh with 1 command: see /u/c/s/cs537-2/ta/tests/2a/interactive/in

/tmp/tmp6_UnJh/p/./mysh


test interactive PASSED
 (simple command in interactive mode)


**********************************************************************

Test interactive2
series of commands in interactive mode

**********************************************************************
Running mysh with several commands: see /u/c/s/cs537-2/ta/tests/2a/interactive2/in

/tmp/tmp6_UnJh/p/./mysh


test interactive2 PASSED
 (series of commands in interactive mode)


**********************************************************************

Test background
basic background process

**********************************************************************
/tmp/tmp6_UnJh/p/./mysh /u/c/s/cs537-2/ta/tests/2a/background/in


test background PASSED
 (basic background process)


**********************************************************************

Test background2
background process followed by wait

**********************************************************************
/tmp/tmp6_UnJh/p/./mysh /u/c/s/cs537-2/ta/tests/2a/background2/in


test background2 PASSED
 (background process followed by wait)


**********************************************************************

Test background3
command following wait

**********************************************************************
/tmp/tmp6_UnJh/p/./mysh /u/c/s/cs537-2/ta/tests/2a/background3/in


test background3 PASSED
 (command following wait)


**********************************************************************

Test background4
check that wait waits correctly

**********************************************************************
/tmp/tmp6_UnJh/p/./mysh /u/c/s/cs537-2/ta/tests/2a/background4/in


test background4 PASSED
 (check that wait waits correctly)


**********************************************************************

Test waitnone
wait with no background jobs

**********************************************************************
/tmp/tmp6_UnJh/p/./mysh /u/c/s/cs537-2/ta/tests/2a/waitnone/in


test waitnone PASSED
 (wait with no background jobs)


**********************************************************************

Test badwait
invalid arguments to wait

**********************************************************************
/tmp/tmp6_UnJh/p/./mysh /u/c/s/cs537-2/ta/tests/2a/badwait/in
Failure: ./mysh gave incorrect standard error.
Expected: "An error has occurred\n"
Got:      ""


test badwait FAILED
 (invalid arguments to wait)
 ./mysh gave incorrect standard error.

Skipped 1 tests.
To keep testing after failing a test, use flag '-c' or '--continue'
[zihao@mumble-03] (165)$ ~cs537-2/ta/tests/2a/runtests 

**********************************************************************

Test build
build project using make

**********************************************************************
Trying to clean project using make clean
make clean
rm -f core *.o mysh
Trying to build project using make
make
cc     mysh.c   -o mysh


test build PASSED
 (build project using make)


**********************************************************************

Test basic
run a single command with no arguments

**********************************************************************
/tmp/tmp6Zbib4/p/./mysh /u/c/s/cs537-2/ta/tests/2a/basic/in


test basic PASSED
 (run a single command with no arguments)


**********************************************************************

Test blank
an empty batch file

**********************************************************************
/tmp/tmp6Zbib4/p/./mysh /u/c/s/cs537-2/ta/tests/2a/blank/in


test blank PASSED
 (an empty batch file)


**********************************************************************

Test multiline
two single line commands

**********************************************************************
/tmp/tmp6Zbib4/p/./mysh /u/c/s/cs537-2/ta/tests/2a/multiline/in


test multiline PASSED
 (two single line commands)


**********************************************************************

Test parseargs
a command with an argument

**********************************************************************
/tmp/tmp6Zbib4/p/./mysh /u/c/s/cs537-2/ta/tests/2a/parseargs/in


test parseargs PASSED
 (a command with an argument)


**********************************************************************

Test parseargs2
a command with many arguments

**********************************************************************
/tmp/tmp6Zbib4/p/./mysh /u/c/s/cs537-2/ta/tests/2a/parseargs2/in


test parseargs2 PASSED
 (a command with many arguments)


**********************************************************************

Test parseargs3
successfully parse indirection and background symbols

**********************************************************************
/tmp/tmp6Zbib4/p/./mysh /u/c/s/cs537-2/ta/tests/2a/parseargs3/in


test parseargs3 PASSED
 (successfully parse indirection and background symbols)


**********************************************************************

Test exit
the builtin exit command

**********************************************************************
/tmp/tmp6Zbib4/p/./mysh /u/c/s/cs537-2/ta/tests/2a/exit/in


test exit PASSED
 (the builtin exit command)


**********************************************************************

Test pwd
the builtin pwd command

**********************************************************************
/tmp/tmp6Zbib4/p/./mysh /u/c/s/cs537-2/ta/tests/2a/pwd/in


test pwd PASSED
 (the builtin pwd command)


**********************************************************************

Test cd
cd with argument

**********************************************************************
/tmp/tmp6Zbib4/p/./mysh /u/c/s/cs537-2/ta/tests/2a/cd/in


test cd PASSED
 (cd with argument)


**********************************************************************

Test cd2
cd without argument

**********************************************************************
/tmp/tmp6Zbib4/p/./mysh /u/c/s/cs537-2/ta/tests/2a/cd2/in


test cd2 PASSED
 (cd without argument)


**********************************************************************

Test whitespace
serveral commands with extra whitespace

**********************************************************************
/tmp/tmp6Zbib4/p/./mysh /u/c/s/cs537-2/ta/tests/2a/whitespace/in


test whitespace PASSED
 (serveral commands with extra whitespace)


**********************************************************************

Test whitespace2
builtin commands with extra whitespace

**********************************************************************
/tmp/tmp6Zbib4/p/./mysh /u/c/s/cs537-2/ta/tests/2a/whitespace2/in


test whitespace2 PASSED
 (builtin commands with extra whitespace)


**********************************************************************

Test args
too many arguments to mysh

**********************************************************************
/tmp/tmp6Zbib4/p/./mysh /u/c/s/cs537-2/ta/tests/2a/args/in /bogus


test args PASSED
 (too many arguments to mysh)


**********************************************************************

Test args2
invalid batch file path

**********************************************************************
/tmp/tmp6Zbib4/p/./mysh /bogus


test args2 PASSED
 (invalid batch file path)


**********************************************************************

Test longline
maximum length line

**********************************************************************
/tmp/tmp6Zbib4/p/./mysh /u/c/s/cs537-2/ta/tests/2a/longline/in


test longline PASSED
 (maximum length line)


**********************************************************************

Test toolong
a line that is too long

**********************************************************************
/tmp/tmp6Zbib4/p/./mysh /u/c/s/cs537-2/ta/tests/2a/toolong/in


test toolong PASSED
 (a line that is too long)


**********************************************************************

Test badprog
bad executable path as command

**********************************************************************
/tmp/tmp6Zbib4/p/./mysh /u/c/s/cs537-2/ta/tests/2a/badprog/in


test badprog PASSED
 (bad executable path as command)


**********************************************************************

Test errout
a called program produces error output, but no errors from the shell itself

**********************************************************************
/tmp/tmp6Zbib4/p/./mysh /u/c/s/cs537-2/ta/tests/2a/errout/in


test errout PASSED
 (a called program produces error output, but no errors from the shell itself)


**********************************************************************

Test badcd
invalid path to cd

**********************************************************************
/tmp/tmp6Zbib4/p/./mysh /u/c/s/cs537-2/ta/tests/2a/badcd/in


test badcd PASSED
 (invalid path to cd)


**********************************************************************

Test badpwd
invalid arguments to pwd

**********************************************************************
/tmp/tmp6Zbib4/p/./mysh /u/c/s/cs537-2/ta/tests/2a/badpwd/in


test badpwd PASSED
 (invalid arguments to pwd)


**********************************************************************

Test badexit
invalid arguments to exit

**********************************************************************
/tmp/tmp6Zbib4/p/./mysh /u/c/s/cs537-2/ta/tests/2a/badexit/in


test badexit PASSED
 (invalid arguments to exit)


**********************************************************************

Test redirect
simple redirection using >

**********************************************************************
/tmp/tmp6Zbib4/p/./mysh /u/c/s/cs537-2/ta/tests/2a/redirect/in


test redirect PASSED
 (simple redirection using >)


**********************************************************************

Test redirect2
redirection and mutiple arguments

**********************************************************************
/tmp/tmp6Zbib4/p/./mysh /u/c/s/cs537-2/ta/tests/2a/redirect2/in


test redirect2 PASSED
 (redirection and mutiple arguments)


**********************************************************************

Test badredir
redirect to invalid path

**********************************************************************
/tmp/tmp6Zbib4/p/./mysh /u/c/s/cs537-2/ta/tests/2a/badredir/in


test badredir PASSED
 (redirect to invalid path)


**********************************************************************

Test badredir2
redirect to multiple paths

**********************************************************************
/tmp/tmp6Zbib4/p/./mysh /u/c/s/cs537-2/ta/tests/2a/badredir2/in


test badredir2 PASSED
 (redirect to multiple paths)


**********************************************************************

Test interactive
simple command in interactive mode

**********************************************************************
Running mysh with 1 command: see /u/c/s/cs537-2/ta/tests/2a/interactive/in

/tmp/tmp6Zbib4/p/./mysh


test interactive PASSED
 (simple command in interactive mode)


**********************************************************************

Test interactive2
series of commands in interactive mode

**********************************************************************
Running mysh with several commands: see /u/c/s/cs537-2/ta/tests/2a/interactive2/in

/tmp/tmp6Zbib4/p/./mysh


test interactive2 PASSED
 (series of commands in interactive mode)


**********************************************************************

Test background
basic background process

**********************************************************************
/tmp/tmp6Zbib4/p/./mysh /u/c/s/cs537-2/ta/tests/2a/background/in


test background PASSED
 (basic background process)


**********************************************************************

Test background2
background process followed by wait

**********************************************************************
/tmp/tmp6Zbib4/p/./mysh /u/c/s/cs537-2/ta/tests/2a/background2/in


test background2 PASSED
 (background process followed by wait)


**********************************************************************

Test background3
command following wait

**********************************************************************
/tmp/tmp6Zbib4/p/./mysh /u/c/s/cs537-2/ta/tests/2a/background3/in


test background3 PASSED
 (command following wait)


**********************************************************************

Test background4
check that wait waits correctly

**********************************************************************
/tmp/tmp6Zbib4/p/./mysh /u/c/s/cs537-2/ta/tests/2a/background4/in


test background4 PASSED
 (check that wait waits correctly)


**********************************************************************

Test waitnone
wait with no background jobs

**********************************************************************
/tmp/tmp6Zbib4/p/./mysh /u/c/s/cs537-2/ta/tests/2a/waitnone/in


test waitnone PASSED
 (wait with no background jobs)


**********************************************************************

Test badwait
invalid arguments to wait

**********************************************************************
/tmp/tmp6Zbib4/p/./mysh /u/c/s/cs537-2/ta/tests/2a/badwait/in


test badwait PASSED
 (invalid arguments to wait)


**********************************************************************

Test fun
test the fun feature (python script)

**********************************************************************
/tmp/tmp6Zbib4/p/./mysh /u/c/s/cs537-2/ta/tests/2a/fun/in


test fun PASSED
 (test the fun feature (python script))

**********************************************************************
Summary:
test build PASSED
 (build project using make)

test basic PASSED
 (run a single command with no arguments)

test blank PASSED
 (an empty batch file)

test multiline PASSED
 (two single line commands)

test parseargs PASSED
 (a command with an argument)

test parseargs2 PASSED
 (a command with many arguments)

test parseargs3 PASSED
 (successfully parse indirection and background symbols)

test exit PASSED
 (the builtin exit command)

test pwd PASSED
 (the builtin pwd command)

test cd PASSED
 (cd with argument)

test cd2 PASSED
 (cd without argument)

test whitespace PASSED
 (serveral commands with extra whitespace)

test whitespace2 PASSED
 (builtin commands with extra whitespace)

test args PASSED
 (too many arguments to mysh)

test args2 PASSED
 (invalid batch file path)

test longline PASSED
 (maximum length line)

test toolong PASSED
 (a line that is too long)

test badprog PASSED
 (bad executable path as command)

test errout PASSED
 (a called program produces error output, but no errors from the shell itself)

test badcd PASSED
 (invalid path to cd)

test badpwd PASSED
 (invalid arguments to pwd)

test badexit PASSED
 (invalid arguments to exit)

test redirect PASSED
 (simple redirection using >)

test redirect2 PASSED
 (redirection and mutiple arguments)

test badredir PASSED
 (redirect to invalid path)

test badredir2 PASSED
 (redirect to multiple paths)

test interactive PASSED
 (simple command in interactive mode)

test interactive2 PASSED
 (series of commands in interactive mode)

test background PASSED
 (basic background process)

test background2 PASSED
 (background process followed by wait)

test background3 PASSED
 (command following wait)

test background4 PASSED
 (check that wait waits correctly)

test waitnone PASSED
 (wait with no background jobs)

test badwait PASSED
 (invalid arguments to wait)

test fun PASSED
 (test the fun feature (python script))

Passed 35 of 35 tests.
Overall 35 of 35
[zihao@mumble-03] (166)$ mkae[K[K[K[K~cs537-2/ta/tests/2a/runtests [C[C[C[C[C[C[C[C[C[C[C[C[C[C[C[C[C[C[C[C[C[C[C[C[Cmake[K~cs537-2/ta/tests/2a/runtests 

**********************************************************************

Test build
build project using make

**********************************************************************
Trying to clean project using make clean
make clean
rm -f core *.o mysh
Trying to build project using make
make
cc     mysh.c   -o mysh


test build PASSED
 (build project using make)


**********************************************************************

Test basic
run a single command with no arguments

**********************************************************************
/tmp/tmpSJhG6x/p/./mysh /u/c/s/cs537-2/ta/tests/2a/basic/in


test basic PASSED
 (run a single command with no arguments)


**********************************************************************

Test blank
an empty batch file

**********************************************************************
/tmp/tmpSJhG6x/p/./mysh /u/c/s/cs537-2/ta/tests/2a/blank/in


test blank PASSED
 (an empty batch file)


**********************************************************************

Test multiline
two single line commands

**********************************************************************
/tmp/tmpSJhG6x/p/./mysh /u/c/s/cs537-2/ta/tests/2a/multiline/in


test multiline PASSED
 (two single line commands)


**********************************************************************

Test parseargs
a command with an argument

**********************************************************************
/tmp/tmpSJhG6x/p/./mysh /u/c/s/cs537-2/ta/tests/2a/parseargs/in


test parseargs PASSED
 (a command with an argument)


**********************************************************************

Test parseargs2
a command with many arguments

**********************************************************************
/tmp/tmpSJhG6x/p/./mysh /u/c/s/cs537-2/ta/tests/2a/parseargs2/in


test parseargs2 PASSED
 (a command with many arguments)


**********************************************************************

Test parseargs3
successfully parse indirection and background symbols

**********************************************************************
/tmp/tmpSJhG6x/p/./mysh /u/c/s/cs537-2/ta/tests/2a/parseargs3/in


test parseargs3 PASSED
 (successfully parse indirection and background symbols)


**********************************************************************

Test exit
the builtin exit command

**********************************************************************
/tmp/tmpSJhG6x/p/./mysh /u/c/s/cs537-2/ta/tests/2a/exit/in


test exit PASSED
 (the builtin exit command)


**********************************************************************

Test pwd
the builtin pwd command

**********************************************************************
/tmp/tmpSJhG6x/p/./mysh /u/c/s/cs537-2/ta/tests/2a/pwd/in


test pwd PASSED
 (the builtin pwd command)


**********************************************************************

Test cd
cd with argument

**********************************************************************
/tmp/tmpSJhG6x/p/./mysh /u/c/s/cs537-2/ta/tests/2a/cd/in


test cd PASSED
 (cd with argument)


**********************************************************************

Test cd2
cd without argument

**********************************************************************
/tmp/tmpSJhG6x/p/./mysh /u/c/s/cs537-2/ta/tests/2a/cd2/in


test cd2 PASSED
 (cd without argument)


**********************************************************************

Test whitespace
serveral commands with extra whitespace

**********************************************************************
/tmp/tmpSJhG6x/p/./mysh /u/c/s/cs537-2/ta/tests/2a/whitespace/in


test whitespace PASSED
 (serveral commands with extra whitespace)


**********************************************************************

Test whitespace2
builtin commands with extra whitespace

**********************************************************************
/tmp/tmpSJhG6x/p/./mysh /u/c/s/cs537-2/ta/tests/2a/whitespace2/in


test whitespace2 PASSED
 (builtin commands with extra whitespace)


**********************************************************************

Test args
too many arguments to mysh

**********************************************************************
/tmp/tmpSJhG6x/p/./mysh /u/c/s/cs537-2/ta/tests/2a/args/in /bogus


test args PASSED
 (too many arguments to mysh)


**********************************************************************

Test args2
invalid batch file path

**********************************************************************
/tmp/tmpSJhG6x/p/./mysh /bogus


test args2 PASSED
 (invalid batch file path)


**********************************************************************

Test longline
maximum length line

**********************************************************************
/tmp/tmpSJhG6x/p/./mysh /u/c/s/cs537-2/ta/tests/2a/longline/in


test longline PASSED
 (maximum length line)


**********************************************************************

Test toolong
a line that is too long

**********************************************************************
/tmp/tmpSJhG6x/p/./mysh /u/c/s/cs537-2/ta/tests/2a/toolong/in


test toolong PASSED
 (a line that is too long)


**********************************************************************

Test badprog
bad executable path as command

**********************************************************************
/tmp/tmpSJhG6x/p/./mysh /u/c/s/cs537-2/ta/tests/2a/badprog/in


test badprog PASSED
 (bad executable path as command)


**********************************************************************

Test errout
a called program produces error output, but no errors from the shell itself

**********************************************************************
/tmp/tmpSJhG6x/p/./mysh /u/c/s/cs537-2/ta/tests/2a/errout/in


test errout PASSED
 (a called program produces error output, but no errors from the shell itself)


**********************************************************************

Test badcd
invalid path to cd

**********************************************************************
/tmp/tmpSJhG6x/p/./mysh /u/c/s/cs537-2/ta/tests/2a/badcd/in


test badcd PASSED
 (invalid path to cd)


**********************************************************************

Test badpwd
invalid arguments to pwd

**********************************************************************
/tmp/tmpSJhG6x/p/./mysh /u/c/s/cs537-2/ta/tests/2a/badpwd/in


test badpwd PASSED
 (invalid arguments to pwd)


**********************************************************************

Test badexit
invalid arguments to exit

**********************************************************************
/tmp/tmpSJhG6x/p/./mysh /u/c/s/cs537-2/ta/tests/2a/badexit/in


test badexit PASSED
 (invalid arguments to exit)


**********************************************************************

Test redirect
simple redirection using >

**********************************************************************
/tmp/tmpSJhG6x/p/./mysh /u/c/s/cs537-2/ta/tests/2a/redirect/in


test redirect PASSED
 (simple redirection using >)


**********************************************************************

Test redirect2
redirection and mutiple arguments

**********************************************************************
/tmp/tmpSJhG6x/p/./mysh /u/c/s/cs537-2/ta/tests/2a/redirect2/in


test redirect2 PASSED
 (redirection and mutiple arguments)


**********************************************************************

Test badredir
redirect to invalid path

**********************************************************************
/tmp/tmpSJhG6x/p/./mysh /u/c/s/cs537-2/ta/tests/2a/badredir/in


test badredir PASSED
 (redirect to invalid path)


**********************************************************************

Test badredir2
redirect to multiple paths

**********************************************************************
/tmp/tmpSJhG6x/p/./mysh /u/c/s/cs537-2/ta/tests/2a/badredir2/in


test badredir2 PASSED
 (redirect to multiple paths)


**********************************************************************

Test interactive
simple command in interactive mode

**********************************************************************
Running mysh with 1 command: see /u/c/s/cs537-2/ta/tests/2a/interactive/in

/tmp/tmpSJhG6x/p/./mysh


test interactive PASSED
 (simple command in interactive mode)


**********************************************************************

Test interactive2
series of commands in interactive mode

**********************************************************************
Running mysh with several commands: see /u/c/s/cs537-2/ta/tests/2a/interactive2/in

/tmp/tmpSJhG6x/p/./mysh


test interactive2 PASSED
 (series of commands in interactive mode)


**********************************************************************

Test background
basic background process

**********************************************************************
/tmp/tmpSJhG6x/p/./mysh /u/c/s/cs537-2/ta/tests/2a/background/in


test background PASSED
 (basic background process)


**********************************************************************

Test background2
background process followed by wait

**********************************************************************
/tmp/tmpSJhG6x/p/./mysh /u/c/s/cs537-2/ta/tests/2a/background2/in


test background2 PASSED
 (background process followed by wait)


**********************************************************************

Test background3
command following wait

**********************************************************************
/tmp/tmpSJhG6x/p/./mysh /u/c/s/cs537-2/ta/tests/2a/background3/in


test background3 PASSED
 (command following wait)


**********************************************************************

Test background4
check that wait waits correctly

**********************************************************************
/tmp/tmpSJhG6x/p/./mysh /u/c/s/cs537-2/ta/tests/2a/background4/in


test background4 PASSED
 (check that wait waits correctly)


**********************************************************************

Test waitnone
wait with no background jobs

**********************************************************************
/tmp/tmpSJhG6x/p/./mysh /u/c/s/cs537-2/ta/tests/2a/waitnone/in


test waitnone PASSED
 (wait with no background jobs)


**********************************************************************

Test badwait
invalid arguments to wait

**********************************************************************
/tmp/tmpSJhG6x/p/./mysh /u/c/s/cs537-2/ta/tests/2a/badwait/in


test badwait PASSED
 (invalid arguments to wait)


**********************************************************************

Test fun
test the fun feature (python script)

**********************************************************************
/tmp/tmpSJhG6x/p/./mysh /u/c/s/cs537-2/ta/tests/2a/fun/in


test fun PASSED
 (test the fun feature (python script))

**********************************************************************
Summary:
test build PASSED
 (build project using make)

test basic PASSED
 (run a single command with no arguments)

test blank PASSED
 (an empty batch file)

test multiline PASSED
 (two single line commands)

test parseargs PASSED
 (a command with an argument)

test parseargs2 PASSED
 (a command with many arguments)

test parseargs3 PASSED
 (successfully parse indirection and background symbols)

test exit PASSED
 (the builtin exit command)

test pwd PASSED
 (the builtin pwd command)

test cd PASSED
 (cd with argument)

test cd2 PASSED
 (cd without argument)

test whitespace PASSED
 (serveral commands with extra whitespace)

test whitespace2 PASSED
 (builtin commands with extra whitespace)

test args PASSED
 (too many arguments to mysh)

test args2 PASSED
 (invalid batch file path)

test longline PASSED
 (maximum length line)

test toolong PASSED
 (a line that is too long)

test badprog PASSED
 (bad executable path as command)

test errout PASSED
 (a called program produces error output, but no errors from the shell itself)

test badcd PASSED
 (invalid path to cd)

test badpwd PASSED
 (invalid arguments to pwd)

test badexit PASSED
 (invalid arguments to exit)

test redirect PASSED
 (simple redirection using >)

test redirect2 PASSED
 (redirection and mutiple arguments)

test badredir PASSED
 (redirect to invalid path)

test badredir2 PASSED
 (redirect to multiple paths)

test interactive PASSED
 (simple command in interactive mode)

test interactive2 PASSED
 (series of commands in interactive mode)

test background PASSED
 (basic background process)

test background2 PASSED
 (background process followed by wait)

test background3 PASSED
 (command following wait)

test background4 PASSED
 (check that wait waits correctly)

test waitnone PASSED
 (wait with no background jobs)

test badwait PASSED
 (invalid arguments to wait)

test fun PASSED
 (test the fun feature (python script))

Passed 35 of 35 tests.
Overall 35 of 35
[zihao@mumble-03] (167)$ exit
exit

Script done on Sat 28 Sep 2013 10:05:13 PM CDT
